<?xml version="1.0" encoding="utf-8"?>
<!DOCTYPE coverage SYSTEM "http://cobertura.sourceforge.net/xml/coverage-04.dtd">
<coverage line-rate="0.832187070151307" branch-rate="0.788461538461538" lines-covered="605" lines-valid="727" branches-covered="82" branches-valid="104" complexity="270" version="0" timestamp="1689283873">
  <sources>
    <source>C:\Users\victo\</source>
  </sources>
  <packages>
    <package name="UaiGranja.Avicultura.Domain" line-rate="0.976744186046512" branch-rate="0.976190476190476" complexity="149">
      <classes>
        <class name="UaiGranja.Avicultura.Domain.Entities.Ave" filename="C:\Users\victo\source\repos\uai-granja-api\src\UaiGranja.Avicultura.Domain\Entities\Ave.cs" line-rate="0.938775510204082" branch-rate="1" complexity="22">
          <methods>
            <method name="get_Codigo" signature="()" line-rate="1" branch-rate="1" complexity="1">
              <lines>
                <line number="9" hits="131" branch="false" />
              </lines>
            </method>
            <method name="get_GeneroAnimal" signature="()" line-rate="1" branch-rate="1" complexity="1">
              <lines>
                <line number="10" hits="123" branch="false" />
              </lines>
            </method>
            <method name="get_DataNascimento" signature="()" line-rate="1" branch-rate="1" complexity="1">
              <lines>
                <line number="11" hits="145" branch="false" />
              </lines>
            </method>
            <method name="get_TipoAveId" signature="()" line-rate="0" branch-rate="1" complexity="1">
              <lines>
                <line number="12" hits="0" branch="false" />
              </lines>
            </method>
            <method name="get_LoteId" signature="()" line-rate="1" branch-rate="1" complexity="1">
              <lines>
                <line number="13" hits="45" branch="false" />
              </lines>
            </method>
            <method name="get_GalinheiroId" signature="()" line-rate="1" branch-rate="1" complexity="1">
              <lines>
                <line number="14" hits="8" branch="false" />
              </lines>
            </method>
            <method name="get_TipoAve" signature="()" line-rate="1" branch-rate="1" complexity="1">
              <lines>
                <line number="17" hits="123" branch="false" />
              </lines>
            </method>
            <method name="get_Lote" signature="()" line-rate="0" branch-rate="1" complexity="1">
              <lines>
                <line number="18" hits="0" branch="false" />
              </lines>
            </method>
            <method name="get_Galinheiro" signature="()" line-rate="0" branch-rate="1" complexity="1">
              <lines>
                <line number="19" hits="0" branch="false" />
              </lines>
            </method>
            <method name="get_Historicos" signature="()" line-rate="1" branch-rate="1" complexity="1">
              <lines>
                <line number="21" hits="23" branch="false" />
              </lines>
            </method>
            <method name="AssociarGalinheiro" signature="(...)" line-rate="1" branch-rate="1" complexity="1">
              <lines>
                <line number="38" hits="8" branch="false" />
                <line number="39" hits="8" branch="false" />
                <line number="40" hits="8" branch="false" />
              </lines>
            </method>
            <method name="AssociarLote" signature="(...)" line-rate="1" branch-rate="1" complexity="1">
              <lines>
                <line number="43" hits="45" branch="false" />
                <line number="44" hits="45" branch="false" />
                <line number="45" hits="45" branch="false" />
              </lines>
            </method>
            <method name="ObterIdadeAve" signature="()" line-rate="1" branch-rate="1" complexity="1">
              <lines>
                <line number="48" hits="8" branch="false" />
                <line number="49" hits="8" branch="false" />
                <line number="50" hits="8" branch="false" />
              </lines>
            </method>
            <method name="EstaVivo" signature="()" line-rate="1" branch-rate="1" complexity="2">
              <lines>
                <line number="53" hits="16" branch="false" />
                <line number="54" hits="26" branch="true" condition-coverage="100% (2/2)" />
                <line number="55" hits="12" branch="false" />
                <line number="56" hits="16" branch="false" />
              </lines>
            </method>
            <method name="RealizarPesagem" signature="(...)" line-rate="1" branch-rate="1" complexity="2">
              <lines>
                <line number="59" hits="2" branch="false" />
                <line number="60" hits="3" branch="true" condition-coverage="100% (2/2)" />
                <line number="61" hits="1" branch="false" />
                <line number="62" hits="1" branch="false" />
                <line number="63" hits="1" branch="false" />
              </lines>
            </method>
            <method name="RealizarAbate" signature="(...)" line-rate="1" branch-rate="1" complexity="2">
              <lines>
                <line number="66" hits="7" branch="false" />
                <line number="67" hits="8" branch="true" condition-coverage="100% (2/2)" />
                <line number="68" hits="6" branch="false" />
                <line number="69" hits="6" branch="false" />
                <line number="70" hits="6" branch="false" />
              </lines>
            </method>
            <method name="EhValido" signature="()" line-rate="1" branch-rate="1" complexity="1">
              <lines>
                <line number="73" hits="59" branch="false" />
                <line number="74" hits="59" branch="false" />
                <line number="75" hits="59" branch="false" />
                <line number="76" hits="59" branch="false" />
              </lines>
            </method>
            <method name=".ctor" signature="(...)" line-rate="1" branch-rate="1" complexity="1">
              <lines>
                <line number="23" hits="64" branch="false" />
                <line number="24" hits="64" branch="false" />
                <line number="25" hits="64" branch="false" />
                <line number="26" hits="64" branch="false" />
                <line number="27" hits="64" branch="false" />
                <line number="28" hits="64" branch="false" />
                <line number="29" hits="64" branch="false" />
                <line number="30" hits="64" branch="false" />
              </lines>
            </method>
            <method name=".ctor" signature="()" line-rate="1" branch-rate="1" complexity="1">
              <lines>
                <line number="32" hits="3" branch="false" />
                <line number="33" hits="3" branch="false" />
                <line number="34" hits="3" branch="false" />
                <line number="35" hits="3" branch="false" />
              </lines>
            </method>
          </methods>
          <lines>
            <line number="9" hits="131" branch="false" />
            <line number="10" hits="123" branch="false" />
            <line number="11" hits="145" branch="false" />
            <line number="12" hits="0" branch="false" />
            <line number="13" hits="45" branch="false" />
            <line number="14" hits="8" branch="false" />
            <line number="17" hits="123" branch="false" />
            <line number="18" hits="0" branch="false" />
            <line number="19" hits="0" branch="false" />
            <line number="21" hits="23" branch="false" />
            <line number="23" hits="64" branch="false" />
            <line number="24" hits="64" branch="false" />
            <line number="25" hits="64" branch="false" />
            <line number="26" hits="64" branch="false" />
            <line number="27" hits="64" branch="false" />
            <line number="28" hits="64" branch="false" />
            <line number="29" hits="64" branch="false" />
            <line number="30" hits="64" branch="false" />
            <line number="32" hits="3" branch="false" />
            <line number="33" hits="3" branch="false" />
            <line number="34" hits="3" branch="false" />
            <line number="35" hits="3" branch="false" />
            <line number="38" hits="8" branch="false" />
            <line number="39" hits="8" branch="false" />
            <line number="40" hits="8" branch="false" />
            <line number="43" hits="45" branch="false" />
            <line number="44" hits="45" branch="false" />
            <line number="45" hits="45" branch="false" />
            <line number="48" hits="8" branch="false" />
            <line number="49" hits="8" branch="false" />
            <line number="50" hits="8" branch="false" />
            <line number="53" hits="16" branch="false" />
            <line number="54" hits="26" branch="true" condition-coverage="100% (2/2)" />
            <line number="55" hits="12" branch="false" />
            <line number="56" hits="16" branch="false" />
            <line number="59" hits="2" branch="false" />
            <line number="60" hits="3" branch="true" condition-coverage="100% (2/2)" />
            <line number="61" hits="1" branch="false" />
            <line number="62" hits="1" branch="false" />
            <line number="63" hits="1" branch="false" />
            <line number="66" hits="7" branch="false" />
            <line number="67" hits="8" branch="true" condition-coverage="100% (2/2)" />
            <line number="68" hits="6" branch="false" />
            <line number="69" hits="6" branch="false" />
            <line number="70" hits="6" branch="false" />
            <line number="73" hits="59" branch="false" />
            <line number="74" hits="59" branch="false" />
            <line number="75" hits="59" branch="false" />
            <line number="76" hits="59" branch="false" />
          </lines>
        </class>
        <class name="UaiGranja.Avicultura.Domain.Entities.AveValidation" filename="C:\Users\victo\source\repos\uai-granja-api\src\UaiGranja.Avicultura.Domain\Entities\Ave.cs" line-rate="1" branch-rate="1" complexity="3">
          <methods>
            <method name="TipoAveEhValida" signature="(...)" line-rate="1" branch-rate="1" complexity="2">
              <lines>
                <line number="93" hits="59" branch="true" condition-coverage="100% (2/2)" />
              </lines>
            </method>
            <method name=".ctor" signature="()" line-rate="1" branch-rate="1" complexity="1">
              <lines>
                <line number="81" hits="59" branch="false" />
                <line number="82" hits="59" branch="false" />
                <line number="83" hits="59" branch="false" />
                <line number="85" hits="59" branch="false" />
                <line number="87" hits="59" branch="false" />
                <line number="89" hits="59" branch="false" />
                <line number="90" hits="59" branch="false" />
              </lines>
            </method>
          </methods>
          <lines>
            <line number="81" hits="59" branch="false" />
            <line number="82" hits="59" branch="false" />
            <line number="83" hits="59" branch="false" />
            <line number="85" hits="59" branch="false" />
            <line number="87" hits="59" branch="false" />
            <line number="89" hits="59" branch="false" />
            <line number="90" hits="59" branch="false" />
            <line number="93" hits="59" branch="true" condition-coverage="100% (2/2)" />
          </lines>
        </class>
        <class name="UaiGranja.Avicultura.Domain.Entities.Galinheiro" filename="C:\Users\victo\source\repos\uai-granja-api\src\UaiGranja.Avicultura.Domain\Entities\Galinheiro.cs" line-rate="1" branch-rate="0.96875" complexity="42">
          <methods>
            <method name="get_Codigo" signature="()" line-rate="1" branch-rate="1" complexity="1">
              <lines>
                <line number="8" hits="20" branch="false" />
              </lines>
            </method>
            <method name="get_Area" signature="()" line-rate="1" branch-rate="1" complexity="1">
              <lines>
                <line number="9" hits="20" branch="false" />
              </lines>
            </method>
            <method name="get_Capacidade" signature="()" line-rate="1" branch-rate="1" complexity="1">
              <lines>
                <line number="10" hits="39" branch="false" />
              </lines>
            </method>
            <method name="get_UtilizaLote" signature="()" line-rate="1" branch-rate="1" complexity="1">
              <lines>
                <line number="11" hits="56" branch="false" />
              </lines>
            </method>
            <method name="get_Aves" signature="()" line-rate="1" branch-rate="1" complexity="1">
              <lines>
                <line number="16" hits="4" branch="false" />
              </lines>
            </method>
            <method name="get_Lotes" signature="()" line-rate="1" branch-rate="1" complexity="1">
              <lines>
                <line number="19" hits="6" branch="false" />
              </lines>
            </method>
            <method name="AdicionarLote" signature="(...)" line-rate="1" branch-rate="1" complexity="6">
              <lines>
                <line number="38" hits="9" branch="false" />
                <line number="39" hits="9" branch="true" condition-coverage="100% (2/2)" />
                <line number="41" hits="10" branch="true" condition-coverage="100% (2/2)" />
                <line number="43" hits="9" branch="true" condition-coverage="100% (2/2)" />
                <line number="45" hits="7" branch="false" />
                <line number="46" hits="7" branch="false" />
                <line number="47" hits="7" branch="false" />
              </lines>
            </method>
            <method name="AdicionarAves" signature="(...)" line-rate="1" branch-rate="1" complexity="2">
              <lines>
                <line number="50" hits="2" branch="false" />
                <line number="51" hits="14" branch="true" condition-coverage="100% (2/2)" />
                <line number="52" hits="4" branch="false" />
                <line number="53" hits="4" branch="false" />
                <line number="54" hits="4" branch="false" />
                <line number="55" hits="2" branch="false" />
              </lines>
            </method>
            <method name="AdicionarAve" signature="(...)" line-rate="1" branch-rate="0.928571428571429" complexity="14">
              <lines>
                <line number="58" hits="14" branch="false" />
                <line number="59" hits="14" branch="true" condition-coverage="100% (2/2)" />
                <line number="60" hits="4" branch="false" />
                <line number="61" hits="8" branch="false" />
                <line number="62" hits="5" branch="true" condition-coverage="100% (2/2)" />
                <line number="63" hits="4" branch="true" condition-coverage="100% (2/2)" />
                <line number="65" hits="2" branch="false" />
                <line number="66" hits="1" branch="false" />
                <line number="68" hits="10" branch="false" />
                <line number="69" hits="10" branch="true" condition-coverage="50% (1/2)" />
                <line number="70" hits="11" branch="true" condition-coverage="100% (2/2)" />
                <line number="71" hits="14" branch="true" condition-coverage="100% (4/4)" />
                <line number="72" hits="8" branch="false" />
                <line number="73" hits="8" branch="false" />
                <line number="74" hits="8" branch="false" />
                <line number="75" hits="9" branch="false" />
              </lines>
            </method>
            <method name="RealizarAbateAve" signature="(...)" line-rate="1" branch-rate="1" complexity="4">
              <lines>
                <line number="78" hits="3" branch="false" />
                <line number="79" hits="4" branch="true" condition-coverage="100% (2/2)" />
                <line number="80" hits="3" branch="false" />
                <line number="81" hits="3" branch="true" condition-coverage="100% (2/2)" />
                <line number="82" hits="1" branch="false" />
                <line number="83" hits="1" branch="false" />
              </lines>
            </method>
            <method name="RealizarAbateLote" signature="(...)" line-rate="1" branch-rate="1" complexity="4">
              <lines>
                <line number="86" hits="3" branch="false" />
                <line number="87" hits="4" branch="true" condition-coverage="100% (2/2)" />
                <line number="88" hits="3" branch="false" />
                <line number="89" hits="3" branch="true" condition-coverage="100% (2/2)" />
                <line number="90" hits="1" branch="false" />
                <line number="91" hits="1" branch="false" />
              </lines>
            </method>
            <method name="AlterarEstruturaGalinheiro" signature="()" line-rate="1" branch-rate="1" complexity="2">
              <lines>
                <line number="94" hits="2" branch="false" />
                <line number="95" hits="2" branch="true" condition-coverage="100% (2/2)" />
                <line number="96" hits="1" branch="false" />
                <line number="97" hits="1" branch="false" />
                <line number="98" hits="2" branch="false" />
                <line number="99" hits="2" branch="false" />
                <line number="100" hits="1" branch="false" />
                <line number="102" hits="1" branch="false" />
                <line number="103" hits="1" branch="false" />
                <line number="104" hits="1" branch="false" />
                <line number="105" hits="1" branch="false" />
                <line number="106" hits="1" branch="false" />
                <line number="107" hits="3" branch="false" />
                <line number="108" hits="1" branch="false" />
                <line number="109" hits="2" branch="false" />
              </lines>
            </method>
            <method name="AtualizarGalinheiroUtilizaLote" signature="()" line-rate="1" branch-rate="1" complexity="1">
              <lines>
                <line number="112" hits="2" branch="false" />
              </lines>
            </method>
            <method name="EhValido" signature="()" line-rate="1" branch-rate="1" complexity="1">
              <lines>
                <line number="115" hits="2" branch="false" />
                <line number="116" hits="2" branch="false" />
                <line number="117" hits="2" branch="false" />
                <line number="118" hits="2" branch="false" />
              </lines>
            </method>
            <method name=".ctor" signature="(...)" line-rate="1" branch-rate="1" complexity="1">
              <lines>
                <line number="21" hits="18" branch="false" />
                <line number="22" hits="18" branch="false" />
                <line number="23" hits="18" branch="false" />
                <line number="24" hits="18" branch="false" />
                <line number="25" hits="18" branch="false" />
                <line number="26" hits="18" branch="false" />
                <line number="27" hits="18" branch="false" />
                <line number="28" hits="18" branch="false" />
                <line number="29" hits="18" branch="false" />
              </lines>
            </method>
            <method name=".ctor" signature="()" line-rate="1" branch-rate="1" complexity="1">
              <lines>
                <line number="31" hits="1" branch="false" />
                <line number="32" hits="1" branch="false" />
                <line number="33" hits="1" branch="false" />
                <line number="34" hits="1" branch="false" />
                <line number="35" hits="1" branch="false" />
              </lines>
            </method>
          </methods>
          <lines>
            <line number="8" hits="20" branch="false" />
            <line number="9" hits="20" branch="false" />
            <line number="10" hits="39" branch="false" />
            <line number="11" hits="56" branch="false" />
            <line number="16" hits="4" branch="false" />
            <line number="19" hits="6" branch="false" />
            <line number="21" hits="18" branch="false" />
            <line number="22" hits="18" branch="false" />
            <line number="23" hits="18" branch="false" />
            <line number="24" hits="18" branch="false" />
            <line number="25" hits="18" branch="false" />
            <line number="26" hits="18" branch="false" />
            <line number="27" hits="18" branch="false" />
            <line number="28" hits="18" branch="false" />
            <line number="29" hits="18" branch="false" />
            <line number="31" hits="1" branch="false" />
            <line number="32" hits="1" branch="false" />
            <line number="33" hits="1" branch="false" />
            <line number="34" hits="1" branch="false" />
            <line number="35" hits="1" branch="false" />
            <line number="38" hits="9" branch="false" />
            <line number="39" hits="9" branch="true" condition-coverage="100% (2/2)" />
            <line number="41" hits="10" branch="true" condition-coverage="100% (2/2)" />
            <line number="43" hits="9" branch="true" condition-coverage="100% (2/2)" />
            <line number="45" hits="7" branch="false" />
            <line number="46" hits="7" branch="false" />
            <line number="47" hits="7" branch="false" />
            <line number="50" hits="2" branch="false" />
            <line number="51" hits="14" branch="true" condition-coverage="100% (2/2)" />
            <line number="52" hits="4" branch="false" />
            <line number="53" hits="4" branch="false" />
            <line number="54" hits="4" branch="false" />
            <line number="55" hits="2" branch="false" />
            <line number="58" hits="14" branch="false" />
            <line number="59" hits="14" branch="true" condition-coverage="100% (2/2)" />
            <line number="60" hits="4" branch="false" />
            <line number="61" hits="8" branch="false" />
            <line number="62" hits="5" branch="true" condition-coverage="100% (2/2)" />
            <line number="63" hits="4" branch="true" condition-coverage="100% (2/2)" />
            <line number="65" hits="2" branch="false" />
            <line number="66" hits="1" branch="false" />
            <line number="68" hits="10" branch="false" />
            <line number="69" hits="10" branch="true" condition-coverage="50% (1/2)" />
            <line number="70" hits="11" branch="true" condition-coverage="100% (2/2)" />
            <line number="71" hits="14" branch="true" condition-coverage="100% (4/4)" />
            <line number="72" hits="8" branch="false" />
            <line number="73" hits="8" branch="false" />
            <line number="74" hits="8" branch="false" />
            <line number="75" hits="9" branch="false" />
            <line number="78" hits="3" branch="false" />
            <line number="79" hits="4" branch="true" condition-coverage="100% (2/2)" />
            <line number="80" hits="3" branch="false" />
            <line number="81" hits="3" branch="true" condition-coverage="100% (2/2)" />
            <line number="82" hits="1" branch="false" />
            <line number="83" hits="1" branch="false" />
            <line number="86" hits="3" branch="false" />
            <line number="87" hits="4" branch="true" condition-coverage="100% (2/2)" />
            <line number="88" hits="3" branch="false" />
            <line number="89" hits="3" branch="true" condition-coverage="100% (2/2)" />
            <line number="90" hits="1" branch="false" />
            <line number="91" hits="1" branch="false" />
            <line number="94" hits="2" branch="false" />
            <line number="95" hits="2" branch="true" condition-coverage="100% (2/2)" />
            <line number="96" hits="1" branch="false" />
            <line number="97" hits="1" branch="false" />
            <line number="98" hits="2" branch="false" />
            <line number="99" hits="2" branch="false" />
            <line number="100" hits="1" branch="false" />
            <line number="102" hits="1" branch="false" />
            <line number="103" hits="1" branch="false" />
            <line number="104" hits="1" branch="false" />
            <line number="105" hits="1" branch="false" />
            <line number="106" hits="1" branch="false" />
            <line number="107" hits="3" branch="false" />
            <line number="108" hits="1" branch="false" />
            <line number="109" hits="2" branch="false" />
            <line number="112" hits="2" branch="false" />
            <line number="115" hits="2" branch="false" />
            <line number="116" hits="2" branch="false" />
            <line number="117" hits="2" branch="false" />
            <line number="118" hits="2" branch="false" />
          </lines>
        </class>
        <class name="UaiGranja.Avicultura.Domain.Entities.GalinheiroValidation" filename="C:\Users\victo\source\repos\uai-granja-api\src\UaiGranja.Avicultura.Domain\Entities\Galinheiro.cs" line-rate="1" branch-rate="1" complexity="3">
          <methods>
            <method name="CapacidadeValida" signature="(...)" line-rate="1" branch-rate="1" complexity="2">
              <lines>
                <line number="133" hits="2" branch="true" condition-coverage="100% (2/2)" />
              </lines>
            </method>
            <method name=".ctor" signature="()" line-rate="1" branch-rate="1" complexity="1">
              <lines>
                <line number="123" hits="2" branch="false" />
                <line number="124" hits="2" branch="false" />
                <line number="125" hits="2" branch="false" />
                <line number="127" hits="2" branch="false" />
                <line number="129" hits="2" branch="false" />
                <line number="130" hits="2" branch="false" />
              </lines>
            </method>
          </methods>
          <lines>
            <line number="123" hits="2" branch="false" />
            <line number="124" hits="2" branch="false" />
            <line number="125" hits="2" branch="false" />
            <line number="127" hits="2" branch="false" />
            <line number="129" hits="2" branch="false" />
            <line number="130" hits="2" branch="false" />
            <line number="133" hits="2" branch="true" condition-coverage="100% (2/2)" />
          </lines>
        </class>
        <class name="UaiGranja.Avicultura.Domain.Entities.HistoricoAve" filename="C:\Users\victo\source\repos\uai-granja-api\src\UaiGranja.Avicultura.Domain\Entities\HistoricoAve.cs" line-rate="0.948717948717949" branch-rate="0.944444444444444" complexity="26">
          <methods>
            <method name="get_Pesagem" signature="()" line-rate="1" branch-rate="1" complexity="1">
              <lines>
                <line number="11" hits="38" branch="false" />
              </lines>
            </method>
            <method name="get_AveId" signature="()" line-rate="1" branch-rate="1" complexity="1">
              <lines>
                <line number="12" hits="32" branch="false" />
              </lines>
            </method>
            <method name="get_LoteId" signature="()" line-rate="1" branch-rate="1" complexity="1">
              <lines>
                <line number="13" hits="24" branch="false" />
              </lines>
            </method>
            <method name="get_Ave" signature="()" line-rate="0" branch-rate="1" complexity="1">
              <lines>
                <line number="16" hits="0" branch="false" />
              </lines>
            </method>
            <method name="get_Lote" signature="()" line-rate="0" branch-rate="1" complexity="1">
              <lines>
                <line number="17" hits="0" branch="false" />
              </lines>
            </method>
            <method name="EhValido" signature="()" line-rate="1" branch-rate="1" complexity="1">
              <lines>
                <line number="22" hits="16" branch="false" />
                <line number="23" hits="16" branch="false" />
                <line number="24" hits="16" branch="false" />
                <line number="26" hits="16" branch="false" />
                <line number="27" hits="16" branch="false" />
                <line number="29" hits="16" branch="false" />
                <line number="30" hits="16" branch="false" />
              </lines>
            </method>
            <method name=".ctor" signature="()" line-rate="1" branch-rate="1" complexity="1">
              <lines>
                <line number="19" hits="48" branch="false" />
              </lines>
            </method>
            <method name="NovaPesagemAve" signature="(...)" line-rate="1" branch-rate="1" complexity="6">
              <lines>
                <line number="35" hits="9" branch="false" />
                <line number="36" hits="10" branch="true" condition-coverage="100% (4/4)" />
                <line number="38" hits="8" branch="false" />
                <line number="39" hits="8" branch="false" />
                <line number="40" hits="8" branch="false" />
                <line number="41" hits="8" branch="false" />
                <line number="42" hits="8" branch="false" />
                <line number="44" hits="8" branch="true" condition-coverage="100% (2/2)" />
                <line number="45" hits="7" branch="false" />
              </lines>
            </method>
            <method name="NovaPesagemLote" signature="(...)" line-rate="1" branch-rate="1" complexity="6">
              <lines>
                <line number="48" hits="9" branch="false" />
                <line number="49" hits="10" branch="true" condition-coverage="100% (4/4)" />
                <line number="51" hits="8" branch="false" />
                <line number="52" hits="8" branch="false" />
                <line number="53" hits="8" branch="false" />
                <line number="54" hits="8" branch="false" />
                <line number="55" hits="8" branch="false" />
                <line number="57" hits="8" branch="true" condition-coverage="100% (2/2)" />
                <line number="58" hits="7" branch="false" />
              </lines>
            </method>
            <method name="HistoricoEstaAssociado" signature="(...)" line-rate="1" branch-rate="0.833333333333333" complexity="6">
              <lines>
                <line number="69" hits="16" branch="false" />
                <line number="70" hits="16" branch="true" condition-coverage="83% (5/6)" />
                <line number="71" hits="16" branch="false" />
                <line number="72" hits="16" branch="false" />
              </lines>
            </method>
            <method name=".ctor" signature="()" line-rate="1" branch-rate="1" complexity="1">
              <lines>
                <line number="63" hits="16" branch="false" />
                <line number="64" hits="16" branch="false" />
                <line number="65" hits="16" branch="false" />
                <line number="66" hits="16" branch="false" />
              </lines>
            </method>
          </methods>
          <lines>
            <line number="11" hits="38" branch="false" />
            <line number="12" hits="32" branch="false" />
            <line number="13" hits="24" branch="false" />
            <line number="16" hits="0" branch="false" />
            <line number="17" hits="0" branch="false" />
            <line number="19" hits="48" branch="false" />
            <line number="22" hits="16" branch="false" />
            <line number="23" hits="16" branch="false" />
            <line number="24" hits="16" branch="false" />
            <line number="26" hits="16" branch="false" />
            <line number="27" hits="16" branch="false" />
            <line number="29" hits="16" branch="false" />
            <line number="30" hits="16" branch="false" />
            <line number="35" hits="9" branch="false" />
            <line number="36" hits="10" branch="true" condition-coverage="100% (4/4)" />
            <line number="38" hits="8" branch="false" />
            <line number="39" hits="8" branch="false" />
            <line number="40" hits="8" branch="false" />
            <line number="41" hits="8" branch="false" />
            <line number="42" hits="8" branch="false" />
            <line number="44" hits="8" branch="true" condition-coverage="100% (2/2)" />
            <line number="45" hits="7" branch="false" />
            <line number="48" hits="9" branch="false" />
            <line number="49" hits="10" branch="true" condition-coverage="100% (4/4)" />
            <line number="51" hits="8" branch="false" />
            <line number="52" hits="8" branch="false" />
            <line number="53" hits="8" branch="false" />
            <line number="54" hits="8" branch="false" />
            <line number="55" hits="8" branch="false" />
            <line number="57" hits="8" branch="true" condition-coverage="100% (2/2)" />
            <line number="58" hits="7" branch="false" />
            <line number="63" hits="16" branch="false" />
            <line number="64" hits="16" branch="false" />
            <line number="65" hits="16" branch="false" />
            <line number="66" hits="16" branch="false" />
            <line number="69" hits="16" branch="false" />
            <line number="70" hits="16" branch="true" condition-coverage="83% (5/6)" />
            <line number="71" hits="16" branch="false" />
            <line number="72" hits="16" branch="false" />
          </lines>
        </class>
        <class name="UaiGranja.Avicultura.Domain.Entities.Lote" filename="C:\Users\victo\source\repos\uai-granja-api\src\UaiGranja.Avicultura.Domain\Entities\Lote.cs" line-rate="0.985714285714286" branch-rate="1" complexity="37">
          <methods>
            <method name="get_Codigo" signature="()" line-rate="1" branch-rate="1" complexity="1">
              <lines>
                <line number="9" hits="39" branch="false" />
              </lines>
            </method>
            <method name="get_Capacidade" signature="()" line-rate="1" branch-rate="1" complexity="1">
              <lines>
                <line number="10" hits="95" branch="false" />
              </lines>
            </method>
            <method name="get_GalinheiroId" signature="()" line-rate="1" branch-rate="1" complexity="1">
              <lines>
                <line number="11" hits="7" branch="false" />
              </lines>
            </method>
            <method name="get_Finalizado" signature="()" line-rate="1" branch-rate="1" complexity="1">
              <lines>
                <line number="12" hits="67" branch="false" />
              </lines>
            </method>
            <method name="get_Galinheiro" signature="()" line-rate="0" branch-rate="1" complexity="1">
              <lines>
                <line number="15" hits="0" branch="false" />
              </lines>
            </method>
            <method name="get_Aves" signature="()" line-rate="1" branch-rate="1" complexity="1">
              <lines>
                <line number="17" hits="33" branch="false" />
              </lines>
            </method>
            <method name="get_Historicos" signature="()" line-rate="1" branch-rate="1" complexity="1">
              <lines>
                <line number="19" hits="1" branch="false" />
              </lines>
            </method>
            <method name="get_DataNascimento" signature="()" line-rate="1" branch-rate="1" complexity="2">
              <lines>
                <line number="20" hits="15" branch="true" condition-coverage="100% (2/2)" />
              </lines>
            </method>
            <method name="AssociarGalinheiro" signature="(...)" line-rate="1" branch-rate="1" complexity="1">
              <lines>
                <line number="37" hits="7" branch="false" />
                <line number="38" hits="7" branch="false" />
                <line number="39" hits="7" branch="false" />
              </lines>
            </method>
            <method name="GerarCodigoLotePadrao" signature="()" line-rate="1" branch-rate="1" complexity="1">
              <lines>
                <line number="42" hits="4" branch="false" />
                <line number="43" hits="4" branch="false" />
                <line number="44" hits="4" branch="false" />
                <line number="45" hits="4" branch="false" />
              </lines>
            </method>
            <method name="AdicionarAves" signature="(...)" line-rate="1" branch-rate="1" complexity="2">
              <lines>
                <line number="48" hits="22" branch="false" />
                <line number="49" hits="154" branch="true" condition-coverage="100% (2/2)" />
                <line number="50" hits="44" branch="false" />
                <line number="51" hits="44" branch="false" />
                <line number="52" hits="44" branch="false" />
                <line number="53" hits="22" branch="false" />
              </lines>
            </method>
            <method name="AdicionarAve" signature="(...)" line-rate="1" branch-rate="1" complexity="6">
              <lines>
                <line number="56" hits="48" branch="false" />
                <line number="57" hits="49" branch="true" condition-coverage="100% (2/2)" />
                <line number="58" hits="48" branch="true" condition-coverage="100% (2/2)" />
                <line number="59" hits="47" branch="true" condition-coverage="100% (2/2)" />
                <line number="61" hits="45" branch="false" />
                <line number="62" hits="45" branch="false" />
                <line number="63" hits="45" branch="false" />
              </lines>
            </method>
            <method name="ObterIdadeLote" signature="()" line-rate="1" branch-rate="1" complexity="2">
              <lines>
                <line number="66" hits="8" branch="false" />
                <line number="67" hits="9" branch="true" condition-coverage="100% (2/2)" />
                <line number="68" hits="7" branch="false" />
                <line number="69" hits="8" branch="false" />
              </lines>
            </method>
            <method name="EstaVivo" signature="()" line-rate="1" branch-rate="1" complexity="2">
              <lines>
                <line number="72" hits="14" branch="false" />
                <line number="73" hits="14" branch="true" condition-coverage="100% (2/2)" />
                <line number="74" hits="14" branch="false" />
              </lines>
            </method>
            <method name="RealizarPesagem" signature="(...)" line-rate="1" branch-rate="1" complexity="4">
              <lines>
                <line number="77" hits="3" branch="false" />
                <line number="78" hits="4" branch="true" condition-coverage="100% (2/2)" />
                <line number="79" hits="3" branch="true" condition-coverage="100% (2/2)" />
                <line number="80" hits="1" branch="false" />
                <line number="81" hits="1" branch="false" />
                <line number="82" hits="1" branch="false" />
              </lines>
            </method>
            <method name="RealizarAbate" signature="(...)" line-rate="1" branch-rate="1" complexity="4">
              <lines>
                <line number="85" hits="8" branch="false" />
                <line number="86" hits="9" branch="true" condition-coverage="100% (2/2)" />
                <line number="87" hits="8" branch="true" condition-coverage="100% (2/2)" />
                <line number="88" hits="6" branch="false" />
                <line number="89" hits="6" branch="false" />
                <line number="90" hits="6" branch="false" />
                <line number="91" hits="6" branch="false" />
              </lines>
            </method>
            <method name="AlterarCodigo" signature="(...)" line-rate="1" branch-rate="1" complexity="1">
              <lines>
                <line number="94" hits="3" branch="false" />
                <line number="95" hits="3" branch="false" />
                <line number="96" hits="3" branch="false" />
              </lines>
            </method>
            <method name="AlterarCapacidade" signature="(...)" line-rate="1" branch-rate="1" complexity="1">
              <lines>
                <line number="99" hits="2" branch="false" />
                <line number="100" hits="2" branch="false" />
                <line number="101" hits="2" branch="false" />
              </lines>
            </method>
            <method name="EhValido" signature="()" line-rate="1" branch-rate="1" complexity="1">
              <lines>
                <line number="104" hits="11" branch="false" />
                <line number="105" hits="11" branch="false" />
                <line number="106" hits="11" branch="false" />
                <line number="107" hits="11" branch="false" />
              </lines>
            </method>
            <method name=".ctor" signature="(...)" line-rate="1" branch-rate="1" complexity="2">
              <lines>
                <line number="22" hits="27" branch="false" />
                <line number="23" hits="27" branch="false" />
                <line number="24" hits="27" branch="false" />
                <line number="25" hits="27" branch="true" condition-coverage="100% (2/2)" />
                <line number="26" hits="27" branch="false" />
                <line number="27" hits="27" branch="false" />
                <line number="28" hits="27" branch="false" />
              </lines>
            </method>
            <method name=".ctor" signature="()" line-rate="1" branch-rate="1" complexity="1">
              <lines>
                <line number="30" hits="2" branch="false" />
                <line number="31" hits="2" branch="false" />
                <line number="32" hits="2" branch="false" />
                <line number="33" hits="2" branch="false" />
                <line number="34" hits="2" branch="false" />
              </lines>
            </method>
          </methods>
          <lines>
            <line number="9" hits="39" branch="false" />
            <line number="10" hits="95" branch="false" />
            <line number="11" hits="7" branch="false" />
            <line number="12" hits="67" branch="false" />
            <line number="15" hits="0" branch="false" />
            <line number="17" hits="33" branch="false" />
            <line number="19" hits="1" branch="false" />
            <line number="20" hits="15" branch="true" condition-coverage="100% (2/2)" />
            <line number="22" hits="27" branch="false" />
            <line number="23" hits="27" branch="false" />
            <line number="24" hits="27" branch="false" />
            <line number="25" hits="27" branch="true" condition-coverage="100% (2/2)" />
            <line number="26" hits="27" branch="false" />
            <line number="27" hits="27" branch="false" />
            <line number="28" hits="27" branch="false" />
            <line number="30" hits="2" branch="false" />
            <line number="31" hits="2" branch="false" />
            <line number="32" hits="2" branch="false" />
            <line number="33" hits="2" branch="false" />
            <line number="34" hits="2" branch="false" />
            <line number="37" hits="7" branch="false" />
            <line number="38" hits="7" branch="false" />
            <line number="39" hits="7" branch="false" />
            <line number="42" hits="4" branch="false" />
            <line number="43" hits="4" branch="false" />
            <line number="44" hits="4" branch="false" />
            <line number="45" hits="4" branch="false" />
            <line number="48" hits="22" branch="false" />
            <line number="49" hits="154" branch="true" condition-coverage="100% (2/2)" />
            <line number="50" hits="44" branch="false" />
            <line number="51" hits="44" branch="false" />
            <line number="52" hits="44" branch="false" />
            <line number="53" hits="22" branch="false" />
            <line number="56" hits="48" branch="false" />
            <line number="57" hits="49" branch="true" condition-coverage="100% (2/2)" />
            <line number="58" hits="48" branch="true" condition-coverage="100% (2/2)" />
            <line number="59" hits="47" branch="true" condition-coverage="100% (2/2)" />
            <line number="61" hits="45" branch="false" />
            <line number="62" hits="45" branch="false" />
            <line number="63" hits="45" branch="false" />
            <line number="66" hits="8" branch="false" />
            <line number="67" hits="9" branch="true" condition-coverage="100% (2/2)" />
            <line number="68" hits="7" branch="false" />
            <line number="69" hits="8" branch="false" />
            <line number="72" hits="14" branch="false" />
            <line number="73" hits="14" branch="true" condition-coverage="100% (2/2)" />
            <line number="74" hits="14" branch="false" />
            <line number="77" hits="3" branch="false" />
            <line number="78" hits="4" branch="true" condition-coverage="100% (2/2)" />
            <line number="79" hits="3" branch="true" condition-coverage="100% (2/2)" />
            <line number="80" hits="1" branch="false" />
            <line number="81" hits="1" branch="false" />
            <line number="82" hits="1" branch="false" />
            <line number="85" hits="8" branch="false" />
            <line number="86" hits="9" branch="true" condition-coverage="100% (2/2)" />
            <line number="87" hits="8" branch="true" condition-coverage="100% (2/2)" />
            <line number="88" hits="6" branch="false" />
            <line number="89" hits="6" branch="false" />
            <line number="90" hits="6" branch="false" />
            <line number="91" hits="6" branch="false" />
            <line number="94" hits="3" branch="false" />
            <line number="95" hits="3" branch="false" />
            <line number="96" hits="3" branch="false" />
            <line number="99" hits="2" branch="false" />
            <line number="100" hits="2" branch="false" />
            <line number="101" hits="2" branch="false" />
            <line number="104" hits="11" branch="false" />
            <line number="105" hits="11" branch="false" />
            <line number="106" hits="11" branch="false" />
            <line number="107" hits="11" branch="false" />
          </lines>
        </class>
        <class name="UaiGranja.Avicultura.Domain.Entities.LoteValidation" filename="C:\Users\victo\source\repos\uai-granja-api\src\UaiGranja.Avicultura.Domain\Entities\Lote.cs" line-rate="1" branch-rate="1" complexity="1">
          <methods>
            <method name=".ctor" signature="()" line-rate="1" branch-rate="1" complexity="1">
              <lines>
                <line number="112" hits="11" branch="false" />
                <line number="113" hits="11" branch="false" />
                <line number="114" hits="11" branch="false" />
                <line number="115" hits="11" branch="false" />
              </lines>
            </method>
          </methods>
          <lines>
            <line number="112" hits="11" branch="false" />
            <line number="113" hits="11" branch="false" />
            <line number="114" hits="11" branch="false" />
            <line number="115" hits="11" branch="false" />
          </lines>
        </class>
        <class name="UaiGranja.Avicultura.Domain.Entities.TipoAve" filename="C:\Users\victo\source\repos\uai-granja-api\src\UaiGranja.Avicultura.Domain\Entities\TipoAve.cs" line-rate="0.9375" branch-rate="1" complexity="7">
          <methods>
            <method name="get_Raca" signature="()" line-rate="1" branch-rate="1" complexity="1">
              <lines>
                <line number="9" hits="122" branch="false" />
              </lines>
            </method>
            <method name="get_PropositoCriacao" signature="()" line-rate="1" branch-rate="1" complexity="1">
              <lines>
                <line number="10" hits="122" branch="false" />
              </lines>
            </method>
            <method name="get_PesoCorte" signature="()" line-rate="1" branch-rate="1" complexity="1">
              <lines>
                <line number="11" hits="122" branch="false" />
              </lines>
            </method>
            <method name="get_IdadeCorte" signature="()" line-rate="1" branch-rate="1" complexity="1">
              <lines>
                <line number="12" hits="122" branch="false" />
              </lines>
            </method>
            <method name="EhValido" signature="()" line-rate="1" branch-rate="1" complexity="1">
              <lines>
                <line number="25" hits="58" branch="false" />
                <line number="26" hits="58" branch="false" />
                <line number="27" hits="58" branch="false" />
                <line number="28" hits="58" branch="false" />
              </lines>
            </method>
            <method name=".ctor" signature="(...)" line-rate="1" branch-rate="1" complexity="1">
              <lines>
                <line number="14" hits="64" branch="false" />
                <line number="15" hits="64" branch="false" />
                <line number="16" hits="64" branch="false" />
                <line number="17" hits="64" branch="false" />
                <line number="18" hits="64" branch="false" />
                <line number="19" hits="64" branch="false" />
                <line number="20" hits="64" branch="false" />
              </lines>
            </method>
            <method name=".ctor" signature="()" line-rate="0" branch-rate="1" complexity="1">
              <lines>
                <line number="22" hits="0" branch="false" />
              </lines>
            </method>
          </methods>
          <lines>
            <line number="9" hits="122" branch="false" />
            <line number="10" hits="122" branch="false" />
            <line number="11" hits="122" branch="false" />
            <line number="12" hits="122" branch="false" />
            <line number="14" hits="64" branch="false" />
            <line number="15" hits="64" branch="false" />
            <line number="16" hits="64" branch="false" />
            <line number="17" hits="64" branch="false" />
            <line number="18" hits="64" branch="false" />
            <line number="19" hits="64" branch="false" />
            <line number="20" hits="64" branch="false" />
            <line number="22" hits="0" branch="false" />
            <line number="25" hits="58" branch="false" />
            <line number="26" hits="58" branch="false" />
            <line number="27" hits="58" branch="false" />
            <line number="28" hits="58" branch="false" />
          </lines>
        </class>
        <class name="UaiGranja.Avicultura.Domain.Entities.TipoAveValidation" filename="C:\Users\victo\source\repos\uai-granja-api\src\UaiGranja.Avicultura.Domain\Entities\TipoAve.cs" line-rate="1" branch-rate="1" complexity="1">
          <methods>
            <method name=".ctor" signature="()" line-rate="1" branch-rate="1" complexity="1">
              <lines>
                <line number="33" hits="58" branch="false" />
                <line number="34" hits="58" branch="false" />
                <line number="35" hits="58" branch="false" />
                <line number="37" hits="58" branch="false" />
                <line number="39" hits="58" branch="false" />
                <line number="41" hits="58" branch="false" />
                <line number="42" hits="58" branch="false" />
              </lines>
            </method>
          </methods>
          <lines>
            <line number="33" hits="58" branch="false" />
            <line number="34" hits="58" branch="false" />
            <line number="35" hits="58" branch="false" />
            <line number="37" hits="58" branch="false" />
            <line number="39" hits="58" branch="false" />
            <line number="41" hits="58" branch="false" />
            <line number="42" hits="58" branch="false" />
          </lines>
        </class>
        <class name="UaiGranja.Avicultura.Domain.ValueObjects.Pesagem" filename="C:\Users\victo\source\repos\uai-granja-api\src\UaiGranja.Avicultura.Domain\ValueObjects\Pesagem.cs" line-rate="1" branch-rate="1" complexity="7">
          <methods>
            <method name="get_TipoHistorico" signature="()" line-rate="1" branch-rate="1" complexity="1">
              <lines>
                <line number="8" hits="38" branch="false" />
              </lines>
            </method>
            <method name="get_TipoPesagem" signature="()" line-rate="1" branch-rate="1" complexity="1">
              <lines>
                <line number="9" hits="32" branch="false" />
              </lines>
            </method>
            <method name="get_Peso" signature="()" line-rate="1" branch-rate="1" complexity="1">
              <lines>
                <line number="10" hits="32" branch="false" />
              </lines>
            </method>
            <method name="get_IdadePesagem" signature="()" line-rate="1" branch-rate="1" complexity="1">
              <lines>
                <line number="11" hits="32" branch="false" />
              </lines>
            </method>
            <method name="get_DataPesagem" signature="()" line-rate="1" branch-rate="1" complexity="1">
              <lines>
                <line number="12" hits="16" branch="false" />
              </lines>
            </method>
            <method name=".ctor" signature="(...)" line-rate="1" branch-rate="1" complexity="1">
              <lines>
                <line number="14" hits="16" branch="false" />
                <line number="15" hits="16" branch="false" />
                <line number="16" hits="16" branch="false" />
                <line number="17" hits="16" branch="false" />
                <line number="18" hits="16" branch="false" />
                <line number="19" hits="16" branch="false" />
                <line number="20" hits="16" branch="false" />
                <line number="21" hits="16" branch="false" />
              </lines>
            </method>
            <method name=".ctor" signature="()" line-rate="1" branch-rate="1" complexity="1">
              <lines>
                <line number="25" hits="16" branch="false" />
                <line number="26" hits="16" branch="false" />
                <line number="27" hits="16" branch="false" />
                <line number="29" hits="16" branch="false" />
                <line number="31" hits="16" branch="false" />
                <line number="33" hits="16" branch="false" />
                <line number="34" hits="16" branch="false" />
              </lines>
            </method>
          </methods>
          <lines>
            <line number="8" hits="38" branch="false" />
            <line number="9" hits="32" branch="false" />
            <line number="10" hits="32" branch="false" />
            <line number="11" hits="32" branch="false" />
            <line number="12" hits="16" branch="false" />
            <line number="14" hits="16" branch="false" />
            <line number="15" hits="16" branch="false" />
            <line number="16" hits="16" branch="false" />
            <line number="17" hits="16" branch="false" />
            <line number="18" hits="16" branch="false" />
            <line number="19" hits="16" branch="false" />
            <line number="20" hits="16" branch="false" />
            <line number="21" hits="16" branch="false" />
            <line number="25" hits="16" branch="false" />
            <line number="26" hits="16" branch="false" />
            <line number="27" hits="16" branch="false" />
            <line number="29" hits="16" branch="false" />
            <line number="31" hits="16" branch="false" />
            <line number="33" hits="16" branch="false" />
            <line number="34" hits="16" branch="false" />
          </lines>
        </class>
      </classes>
    </package>
    <package name="UaiGranja.Avicultura.Domain.Tests" line-rate="0.996598639455782" branch-rate="1" complexity="60">
      <classes>
        <class name="AutoGeneratedProgram" filename="C:\Users\victo\.nuget\packages\microsoft.net.test.sdk\17.6.3\build\netcoreapp3.1\Microsoft.NET.Test.Sdk.Program.cs" line-rate="0" branch-rate="1" complexity="1">
          <methods>
            <method name="Main" signature="(...)" line-rate="0" branch-rate="1" complexity="1">
              <lines>
                <line number="4" hits="0" branch="false" />
              </lines>
            </method>
          </methods>
          <lines>
            <line number="4" hits="0" branch="false" />
          </lines>
        </class>
        <class name="UaiGranja.Avicultura.Domain.Tests.AveTests" filename="C:\Users\victo\source\repos\uai-granja-api\tests\UaiGranja.Avicultura.Domain.Tests\AveTests.cs" line-rate="1" branch-rate="1" complexity="9">
          <methods>
            <method name="Ave_RealizarPesagem_RealizarPesagemAveViva" signature="()" line-rate="1" branch-rate="1" complexity="1">
              <lines>
                <line number="22" hits="1" branch="false" />
                <line number="24" hits="1" branch="false" />
                <line number="27" hits="1" branch="false" />
                <line number="30" hits="1" branch="false" />
                <line number="31" hits="1" branch="false" />
              </lines>
            </method>
            <method name="Ave_RealizarAbate_RealizarPesagemAveAbatida" signature="()" line-rate="1" branch-rate="1" complexity="1">
              <lines>
                <line number="36" hits="1" branch="false" />
                <line number="38" hits="1" branch="false" />
                <line number="41" hits="1" branch="false" />
                <line number="44" hits="2" branch="false" />
                <line number="45" hits="1" branch="false" />
              </lines>
            </method>
            <method name="Ave_RealizarAbate_RealizarAbateAveAbatida" signature="()" line-rate="1" branch-rate="1" complexity="1">
              <lines>
                <line number="50" hits="1" branch="false" />
                <line number="52" hits="1" branch="false" />
                <line number="55" hits="1" branch="false" />
                <line number="58" hits="2" branch="false" />
                <line number="59" hits="1" branch="false" />
              </lines>
            </method>
            <method name="Ave_EstaVivo_AveDeveEstarViva" signature="()" line-rate="1" branch-rate="1" complexity="1">
              <lines>
                <line number="64" hits="1" branch="false" />
                <line number="66" hits="1" branch="false" />
                <line number="69" hits="1" branch="false" />
                <line number="72" hits="1" branch="false" />
                <line number="73" hits="1" branch="false" />
              </lines>
            </method>
            <method name="Ave_EstaVivo_AveDeveEstarAbatida" signature="(...)" line-rate="1" branch-rate="1" complexity="1">
              <lines>
                <line number="81" hits="3" branch="false" />
                <line number="83" hits="3" branch="false" />
                <line number="86" hits="3" branch="false" />
                <line number="87" hits="3" branch="false" />
                <line number="90" hits="3" branch="false" />
                <line number="91" hits="3" branch="false" />
              </lines>
            </method>
            <method name="Ave_EstaVivo_AveDeveEstarVivaNaoPossuiHistorico" signature="()" line-rate="1" branch-rate="1" complexity="1">
              <lines>
                <line number="96" hits="1" branch="false" />
                <line number="98" hits="1" branch="false" />
                <line number="101" hits="1" branch="false" />
                <line number="104" hits="1" branch="false" />
                <line number="105" hits="1" branch="false" />
              </lines>
            </method>
            <method name="Ave_EstaVivo_AveDeveEstarValida" signature="()" line-rate="1" branch-rate="1" complexity="1">
              <lines>
                <line number="110" hits="1" branch="false" />
                <line number="112" hits="1" branch="false" />
                <line number="115" hits="1" branch="false" />
                <line number="118" hits="1" branch="false" />
                <line number="119" hits="1" branch="false" />
              </lines>
            </method>
            <method name="Ave_EstaVivo_AveDeveEstarInvalida" signature="()" line-rate="1" branch-rate="1" complexity="1">
              <lines>
                <line number="124" hits="1" branch="false" />
                <line number="126" hits="1" branch="false" />
                <line number="129" hits="1" branch="false" />
                <line number="132" hits="1" branch="false" />
                <line number="133" hits="1" branch="false" />
              </lines>
            </method>
            <method name=".ctor" signature="(...)" line-rate="1" branch-rate="1" complexity="1">
              <lines>
                <line number="14" hits="10" branch="false" />
                <line number="15" hits="10" branch="false" />
                <line number="16" hits="10" branch="false" />
                <line number="17" hits="10" branch="false" />
              </lines>
            </method>
          </methods>
          <lines>
            <line number="14" hits="10" branch="false" />
            <line number="15" hits="10" branch="false" />
            <line number="16" hits="10" branch="false" />
            <line number="17" hits="10" branch="false" />
            <line number="22" hits="1" branch="false" />
            <line number="24" hits="1" branch="false" />
            <line number="27" hits="1" branch="false" />
            <line number="30" hits="1" branch="false" />
            <line number="31" hits="1" branch="false" />
            <line number="36" hits="1" branch="false" />
            <line number="38" hits="1" branch="false" />
            <line number="41" hits="1" branch="false" />
            <line number="44" hits="2" branch="false" />
            <line number="45" hits="1" branch="false" />
            <line number="50" hits="1" branch="false" />
            <line number="52" hits="1" branch="false" />
            <line number="55" hits="1" branch="false" />
            <line number="58" hits="2" branch="false" />
            <line number="59" hits="1" branch="false" />
            <line number="64" hits="1" branch="false" />
            <line number="66" hits="1" branch="false" />
            <line number="69" hits="1" branch="false" />
            <line number="72" hits="1" branch="false" />
            <line number="73" hits="1" branch="false" />
            <line number="81" hits="3" branch="false" />
            <line number="83" hits="3" branch="false" />
            <line number="86" hits="3" branch="false" />
            <line number="87" hits="3" branch="false" />
            <line number="90" hits="3" branch="false" />
            <line number="91" hits="3" branch="false" />
            <line number="96" hits="1" branch="false" />
            <line number="98" hits="1" branch="false" />
            <line number="101" hits="1" branch="false" />
            <line number="104" hits="1" branch="false" />
            <line number="105" hits="1" branch="false" />
            <line number="110" hits="1" branch="false" />
            <line number="112" hits="1" branch="false" />
            <line number="115" hits="1" branch="false" />
            <line number="118" hits="1" branch="false" />
            <line number="119" hits="1" branch="false" />
            <line number="124" hits="1" branch="false" />
            <line number="126" hits="1" branch="false" />
            <line number="129" hits="1" branch="false" />
            <line number="132" hits="1" branch="false" />
            <line number="133" hits="1" branch="false" />
          </lines>
        </class>
        <class name="UaiGranja.Avicultura.Domain.Tests.Fixtures.AveTestsFixture" filename="C:\Users\victo\source\repos\uai-granja-api\tests\UaiGranja.Avicultura.Domain.Tests\Fixtures\AveTestsFixture.cs" line-rate="1" branch-rate="1" complexity="3">
          <methods>
            <method name="Dispose" signature="()" line-rate="1" branch-rate="1" complexity="1">
              <lines>
                <line number="18" hits="2" branch="false" />
              </lines>
            </method>
            <method name="ObterAveValidaViva" signature="()" line-rate="1" branch-rate="1" complexity="1">
              <lines>
                <line number="21" hits="8" branch="false" />
                <line number="22" hits="8" branch="false" />
                <line number="23" hits="8" branch="false" />
              </lines>
            </method>
            <method name="ObterAveInvalida" signature="()" line-rate="1" branch-rate="1" complexity="1">
              <lines>
                <line number="26" hits="1" branch="false" />
                <line number="27" hits="1" branch="false" />
                <line number="28" hits="1" branch="false" />
              </lines>
            </method>
          </methods>
          <lines>
            <line number="18" hits="2" branch="false" />
            <line number="21" hits="8" branch="false" />
            <line number="22" hits="8" branch="false" />
            <line number="23" hits="8" branch="false" />
            <line number="26" hits="1" branch="false" />
            <line number="27" hits="1" branch="false" />
            <line number="28" hits="1" branch="false" />
          </lines>
        </class>
        <class name="UaiGranja.Avicultura.Domain.Tests.Fixtures.GalinheiroTestsFixture" filename="C:\Users\victo\source\repos\uai-granja-api\tests\UaiGranja.Avicultura.Domain.Tests\Fixtures\GalinheiroTestsFixture.cs" line-rate="1" branch-rate="1" complexity="7">
          <methods>
            <method name="Dispose" signature="()" line-rate="1" branch-rate="1" complexity="1">
              <lines>
                <line number="13" hits="2" branch="false" />
              </lines>
            </method>
            <method name="ObterGalinheiroValido" signature="(...)" line-rate="1" branch-rate="1" complexity="1">
              <lines>
                <line number="16" hits="18" branch="false" />
              </lines>
            </method>
            <method name="ObterGalinheiroInvalido" signature="()" line-rate="1" branch-rate="1" complexity="1">
              <lines>
                <line number="19" hits="1" branch="false" />
              </lines>
            </method>
            <method name="ObterLoteValidoVivo" signature="(...)" line-rate="1" branch-rate="1" complexity="1">
              <lines>
                <line number="22" hits="6" branch="false" />
                <line number="23" hits="6" branch="false" />
                <line number="24" hits="6" branch="false" />
                <line number="25" hits="6" branch="false" />
                <line number="26" hits="6" branch="false" />
                <line number="27" hits="6" branch="false" />
                <line number="28" hits="6" branch="false" />
                <line number="30" hits="6" branch="false" />
                <line number="31" hits="6" branch="false" />
              </lines>
            </method>
            <method name="ObterLoteValidoSemAve" signature="(...)" line-rate="1" branch-rate="1" complexity="1">
              <lines>
                <line number="34" hits="2" branch="false" />
              </lines>
            </method>
            <method name="ObterAveValidaViva" signature="()" line-rate="1" branch-rate="1" complexity="1">
              <lines>
                <line number="37" hits="11" branch="false" />
                <line number="38" hits="11" branch="false" />
                <line number="39" hits="11" branch="false" />
              </lines>
            </method>
            <method name="ObterAvesValidasVivas" signature="()" line-rate="1" branch-rate="1" complexity="1">
              <lines>
                <line number="42" hits="1" branch="false" />
                <line number="43" hits="1" branch="false" />
                <line number="44" hits="1" branch="false" />
                <line number="45" hits="1" branch="false" />
                <line number="46" hits="1" branch="false" />
                <line number="47" hits="1" branch="false" />
                <line number="48" hits="1" branch="false" />
              </lines>
            </method>
          </methods>
          <lines>
            <line number="13" hits="2" branch="false" />
            <line number="16" hits="18" branch="false" />
            <line number="19" hits="1" branch="false" />
            <line number="22" hits="6" branch="false" />
            <line number="23" hits="6" branch="false" />
            <line number="24" hits="6" branch="false" />
            <line number="25" hits="6" branch="false" />
            <line number="26" hits="6" branch="false" />
            <line number="27" hits="6" branch="false" />
            <line number="28" hits="6" branch="false" />
            <line number="30" hits="6" branch="false" />
            <line number="31" hits="6" branch="false" />
            <line number="34" hits="2" branch="false" />
            <line number="37" hits="11" branch="false" />
            <line number="38" hits="11" branch="false" />
            <line number="39" hits="11" branch="false" />
            <line number="42" hits="1" branch="false" />
            <line number="43" hits="1" branch="false" />
            <line number="44" hits="1" branch="false" />
            <line number="45" hits="1" branch="false" />
            <line number="46" hits="1" branch="false" />
            <line number="47" hits="1" branch="false" />
            <line number="48" hits="1" branch="false" />
          </lines>
        </class>
        <class name="UaiGranja.Avicultura.Domain.Tests.Fixtures.LoteTestsFixture" filename="C:\Users\victo\source\repos\uai-granja-api\tests\UaiGranja.Avicultura.Domain.Tests\Fixtures\LoteTestsFixture.cs" line-rate="1" branch-rate="1" complexity="3">
          <methods>
            <method name="Dispose" signature="()" line-rate="1" branch-rate="1" complexity="1">
              <lines>
                <line number="13" hits="2" branch="false" />
              </lines>
            </method>
            <method name="ObterLoteValidoVivo" signature="(...)" line-rate="1" branch-rate="1" complexity="1">
              <lines>
                <line number="16" hits="15" branch="false" />
                <line number="17" hits="15" branch="false" />
                <line number="18" hits="15" branch="false" />
                <line number="19" hits="15" branch="false" />
                <line number="20" hits="15" branch="false" />
                <line number="21" hits="15" branch="false" />
                <line number="22" hits="15" branch="false" />
                <line number="24" hits="15" branch="false" />
                <line number="25" hits="15" branch="false" />
              </lines>
            </method>
            <method name="ObterLoteInvalido" signature="()" line-rate="1" branch-rate="1" complexity="1">
              <lines>
                <line number="28" hits="3" branch="false" />
                <line number="29" hits="3" branch="false" />
                <line number="30" hits="3" branch="false" />
              </lines>
            </method>
          </methods>
          <lines>
            <line number="13" hits="2" branch="false" />
            <line number="16" hits="15" branch="false" />
            <line number="17" hits="15" branch="false" />
            <line number="18" hits="15" branch="false" />
            <line number="19" hits="15" branch="false" />
            <line number="20" hits="15" branch="false" />
            <line number="21" hits="15" branch="false" />
            <line number="22" hits="15" branch="false" />
            <line number="24" hits="15" branch="false" />
            <line number="25" hits="15" branch="false" />
            <line number="28" hits="3" branch="false" />
            <line number="29" hits="3" branch="false" />
            <line number="30" hits="3" branch="false" />
          </lines>
        </class>
        <class name="UaiGranja.Avicultura.Domain.Tests.GalinheiroTests" filename="C:\Users\victo\source\repos\uai-granja-api\tests\UaiGranja.Avicultura.Domain.Tests\GalinheiroTests.cs" line-rate="1" branch-rate="1" complexity="20">
          <methods>
            <method name="Galinheiro_AdicionarLote_DeveAdicionarLote" signature="()" line-rate="1" branch-rate="1" complexity="1">
              <lines>
                <line number="22" hits="1" branch="false" />
                <line number="24" hits="1" branch="false" />
                <line number="27" hits="1" branch="false" />
                <line number="30" hits="1" branch="false" />
                <line number="31" hits="1" branch="false" />
              </lines>
            </method>
            <method name="Galinheiro_AdicionarLote_NaoDeveAdicionarLoteNaoUtilizaLote" signature="()" line-rate="1" branch-rate="1" complexity="1">
              <lines>
                <line number="36" hits="1" branch="false" />
                <line number="38" hits="1" branch="false" />
                <line number="41" hits="2" branch="false" />
                <line number="42" hits="1" branch="false" />
              </lines>
            </method>
            <method name="Galinheiro_AdicionarLote_NaoDeveAdicionarLoteCapacidadeExcedida" signature="()" line-rate="1" branch-rate="1" complexity="1">
              <lines>
                <line number="47" hits="1" branch="false" />
                <line number="49" hits="1" branch="false" />
                <line number="52" hits="2" branch="false" />
                <line number="53" hits="1" branch="false" />
              </lines>
            </method>
            <method name="Galinheiro_AdicionarAve_DeveAdicionarAve" signature="()" line-rate="1" branch-rate="1" complexity="1">
              <lines>
                <line number="58" hits="1" branch="false" />
                <line number="60" hits="1" branch="false" />
                <line number="63" hits="1" branch="false" />
                <line number="66" hits="1" branch="false" />
                <line number="67" hits="1" branch="false" />
              </lines>
            </method>
            <method name="Galinheiro_AdicionarAve_NaoDeveAdicionarAveCapacidadeExcedida" signature="()" line-rate="1" branch-rate="1" complexity="1">
              <lines>
                <line number="72" hits="1" branch="false" />
                <line number="74" hits="1" branch="false" />
                <line number="77" hits="2" branch="false" />
                <line number="78" hits="1" branch="false" />
              </lines>
            </method>
            <method name="Galinheiro_AdicionarAve_NaoDeveAdicionarAveJaCadastrada" signature="()" line-rate="1" branch-rate="1" complexity="1">
              <lines>
                <line number="83" hits="1" branch="false" />
                <line number="85" hits="1" branch="false" />
                <line number="88" hits="1" branch="false" />
                <line number="91" hits="2" branch="false" />
                <line number="92" hits="1" branch="false" />
              </lines>
            </method>
            <method name="Galinheiro_AdicionarAve_DeveAdicionarAveCodigoNaoUtilizadoEmAveViva" signature="()" line-rate="1" branch-rate="1" complexity="1">
              <lines>
                <line number="97" hits="1" branch="false" />
                <line number="99" hits="1" branch="false" />
                <line number="102" hits="1" branch="false" />
                <line number="103" hits="1" branch="false" />
                <line number="104" hits="1" branch="false" />
                <line number="105" hits="1" branch="false" />
                <line number="108" hits="1" branch="false" />
                <line number="109" hits="1" branch="false" />
              </lines>
            </method>
            <method name="Galinheiro_AdicionarAve_DeveAdicionarAveEmLote" signature="()" line-rate="1" branch-rate="1" complexity="1">
              <lines>
                <line number="114" hits="1" branch="false" />
                <line number="116" hits="1" branch="false" />
                <line number="119" hits="1" branch="false" />
                <line number="120" hits="1" branch="false" />
                <line number="121" hits="1" branch="false" />
                <line number="124" hits="1" branch="false" />
                <line number="125" hits="1" branch="false" />
                <line number="126" hits="1" branch="false" />
              </lines>
            </method>
            <method name="Galinheiro_RealizarAbate_NaoDeveAbaterAveNaoCadastrada" signature="()" line-rate="1" branch-rate="1" complexity="1">
              <lines>
                <line number="131" hits="1" branch="false" />
                <line number="133" hits="1" branch="false" />
                <line number="136" hits="1" branch="false" />
                <line number="139" hits="2" branch="false" />
                <line number="140" hits="1" branch="false" />
              </lines>
            </method>
            <method name="Galinheiro_RealizarAbate_NaoDeveAbaterAveUtilizaLote" signature="()" line-rate="1" branch-rate="1" complexity="1">
              <lines>
                <line number="145" hits="1" branch="false" />
                <line number="147" hits="1" branch="false" />
                <line number="150" hits="2" branch="false" />
                <line number="151" hits="1" branch="false" />
              </lines>
            </method>
            <method name="Galinheiro_AdicionarAve_NaoDeveAdicionarAveEmLoteAbatido" signature="()" line-rate="1" branch-rate="1" complexity="1">
              <lines>
                <line number="156" hits="1" branch="false" />
                <line number="158" hits="1" branch="false" />
                <line number="161" hits="1" branch="false" />
                <line number="162" hits="1" branch="false" />
                <line number="163" hits="1" branch="false" />
                <line number="166" hits="2" branch="false" />
                <line number="167" hits="1" branch="false" />
              </lines>
            </method>
            <method name="Galinheiro_AdicionarAve_NaoDeveAdicionarAveLoteNaoEncontrado" signature="()" line-rate="1" branch-rate="1" complexity="1">
              <lines>
                <line number="173" hits="1" branch="false" />
                <line number="175" hits="1" branch="false" />
                <line number="178" hits="1" branch="false" />
                <line number="179" hits="1" branch="false" />
                <line number="182" hits="2" branch="false" />
                <line number="183" hits="1" branch="false" />
              </lines>
            </method>
[...]
        </class>
        <class name="UaiGranja.Core.DomainObjects.Entity" filename="C:\Users\victo\source\repos\uai-granja-api\src\UaiGranja.Core\DomainObjects\Entity.cs" line-rate="0.146341463414634" branch-rate="0" complexity="27">
          <methods>
            <method name="get_Id" signature="()" line-rate="1" branch-rate="1" complexity="1">
              <lines>
                <line number="9" hits="309" branch="false" />
              </lines>
            </method>
            <method name="get_ValidationResult" signature="()" line-rate="1" branch-rate="1" complexity="1">
              <lines>
                <line number="10" hits="331" branch="false" />
              </lines>
            </method>
            <method name="get_Notificacoes" signature="()" line-rate="0" branch-rate="0" complexity="2">
              <lines>
                <line number="12" hits="0" branch="true" condition-coverage="0% (0/2)" />
              </lines>
            </method>
            <method name="AdicionarEvento" signature="(...)" line-rate="0" branch-rate="0" complexity="2">
              <lines>
                <line number="20" hits="0" branch="false" />
                <line number="21" hits="0" branch="true" condition-coverage="0% (0/2)" />
                <line number="22" hits="0" branch="false" />
                <line number="23" hits="0" branch="false" />
              </lines>
            </method>
            <method name="RemoverEvento" signature="(...)" line-rate="0" branch-rate="0" complexity="2">
              <lines>
                <line number="26" hits="0" branch="false" />
                <line number="27" hits="0" branch="true" condition-coverage="0% (0/2)" />
                <line number="28" hits="0" branch="false" />
              </lines>
            </method>
            <method name="LimparEventos" signature="()" line-rate="0" branch-rate="0" complexity="2">
              <lines>
                <line number="31" hits="0" branch="false" />
                <line number="32" hits="0" branch="true" condition-coverage="0% (0/2)" />
                <line number="33" hits="0" branch="false" />
              </lines>
            </method>
            <method name="Equals" signature="(...)" line-rate="0" branch-rate="0" complexity="4">
              <lines>
                <line number="36" hits="0" branch="false" />
                <line number="37" hits="0" branch="false" />
                <line number="39" hits="0" branch="true" condition-coverage="0% (0/2)" />
                <line number="40" hits="0" branch="true" condition-coverage="0% (0/2)" />
                <line number="42" hits="0" branch="false" />
                <line number="43" hits="0" branch="false" />
              </lines>
            </method>
            <method name="op_Equality" signature="(...)" line-rate="0" branch-rate="0" complexity="8">
              <lines>
                <line number="46" hits="0" branch="false" />
                <line number="47" hits="0" branch="true" condition-coverage="0% (0/4)" />
                <line number="48" hits="0" branch="false" />
                <line number="50" hits="0" branch="true" condition-coverage="0% (0/4)" />
                <line number="51" hits="0" branch="false" />
                <line number="53" hits="0" branch="false" />
                <line number="54" hits="0" branch="false" />
              </lines>
            </method>
            <method name="op_Inequality" signature="(...)" line-rate="0" branch-rate="1" complexity="1">
              <lines>
                <line number="57" hits="0" branch="false" />
                <line number="58" hits="0" branch="false" />
                <line number="59" hits="0" branch="false" />
              </lines>
            </method>
            <method name="GetHashCode" signature="()" line-rate="0" branch-rate="1" complexity="1">
              <lines>
                <line number="62" hits="0" branch="false" />
                <line number="63" hits="0" branch="false" />
                <line number="64" hits="0" branch="false" />
              </lines>
            </method>
            <method name="ToString" signature="()" line-rate="0" branch-rate="1" complexity="1">
              <lines>
                <line number="67" hits="0" branch="false" />
                <line number="68" hits="0" branch="false" />
                <line number="69" hits="0" branch="false" />
              </lines>
            </method>
            <method name="EhValido" signature="()" line-rate="0" branch-rate="1" complexity="1">
              <lines>
                <line number="72" hits="0" branch="false" />
                <line number="73" hits="0" branch="false" />
              </lines>
            </method>
            <method name=".ctor" signature="()" line-rate="1" branch-rate="1" complexity="1">
              <lines>
                <line number="14" hits="195" branch="false" />
                <line number="15" hits="195" branch="false" />
                <line number="16" hits="195" branch="false" />
                <line number="17" hits="195" branch="false" />
              </lines>
            </method>
          </methods>
          <lines>
            <line number="9" hits="309" branch="false" />
            <line number="10" hits="331" branch="false" />
            <line number="12" hits="0" branch="true" condition-coverage="0% (0/2)" />
            <line number="14" hits="195" branch="false" />
            <line number="15" hits="195" branch="false" />
            <line number="16" hits="195" branch="false" />
            <line number="17" hits="195" branch="false" />
            <line number="20" hits="0" branch="false" />
            <line number="21" hits="0" branch="true" condition-coverage="0% (0/2)" />
            <line number="22" hits="0" branch="false" />
            <line number="23" hits="0" branch="false" />
            <line number="26" hits="0" branch="false" />
            <line number="27" hits="0" branch="true" condition-coverage="0% (0/2)" />
            <line number="28" hits="0" branch="false" />
            <line number="31" hits="0" branch="false" />
            <line number="32" hits="0" branch="true" condition-coverage="0% (0/2)" />
            <line number="33" hits="0" branch="false" />
            <line number="36" hits="0" branch="false" />
            <line number="37" hits="0" branch="false" />
            <line number="39" hits="0" branch="true" condition-coverage="0% (0/2)" />
            <line number="40" hits="0" branch="true" condition-coverage="0% (0/2)" />
            <line number="42" hits="0" branch="false" />
            <line number="43" hits="0" branch="false" />
            <line number="46" hits="0" branch="false" />
            <line number="47" hits="0" branch="true" condition-coverage="0% (0/4)" />
            <line number="48" hits="0" branch="false" />
            <line number="50" hits="0" branch="true" condition-coverage="0% (0/4)" />
            <line number="51" hits="0" branch="false" />
            <line number="53" hits="0" branch="false" />
            <line number="54" hits="0" branch="false" />
            <line number="57" hits="0" branch="false" />
            <line number="58" hits="0" branch="false" />
            <line number="59" hits="0" branch="false" />
            <line number="62" hits="0" branch="false" />
            <line number="63" hits="0" branch="false" />
            <line number="64" hits="0" branch="false" />
            <line number="67" hits="0" branch="false" />
            <line number="68" hits="0" branch="false" />
            <line number="69" hits="0" branch="false" />
            <line number="72" hits="0" branch="false" />
            <line number="73" hits="0" branch="false" />
          </lines>
        </class>
        <class name="UaiGranja.Core.Messages.Command" filename="C:\Users\victo\source\repos\uai-granja-api\src\UaiGranja.Core\Messages\Command.cs" line-rate="0" branch-rate="1" complexity="4">
          <methods>
            <method name="get_Timestamp" signature="()" line-rate="0" branch-rate="1" complexity="1">
              <lines>
                <line number="8" hits="0" branch="false" />
              </lines>
            </method>
            <method name="get_ValidationResult" signature="()" line-rate="0" branch-rate="1" complexity="1">
              <lines>
                <line number="9" hits="0" branch="false" />
              </lines>
            </method>
            <method name="EhValido" signature="()" line-rate="0" branch-rate="1" complexity="1">
              <lines>
                <line number="17" hits="0" branch="false" />
                <line number="18" hits="0" branch="false" />
              </lines>
            </method>
            <method name=".ctor" signature="()" line-rate="0" branch-rate="1" complexity="1">
              <lines>
                <line number="11" hits="0" branch="false" />
                <line number="12" hits="0" branch="false" />
                <line number="13" hits="0" branch="false" />
                <line number="14" hits="0" branch="false" />
              </lines>
            </method>
          </methods>
          <lines>
            <line number="8" hits="0" branch="false" />
            <line number="9" hits="0" branch="false" />
            <line number="11" hits="0" branch="false" />
            <line number="12" hits="0" branch="false" />
            <line number="13" hits="0" branch="false" />
            <line number="14" hits="0" branch="false" />
            <line number="17" hits="0" branch="false" />
            <line number="18" hits="0" branch="false" />
          </lines>
        </class>
        <class name="UaiGranja.Core.Messages.CommonMessages.DomainEvents.DomainEvent" filename="C:\Users\victo\source\repos\uai-granja-api\src\UaiGranja.Core\Messages\CommonMessages\DomainEvents\DomainEvent.cs" line-rate="0" branch-rate="1" complexity="2">
          <methods>
            <method name="get_Timestamp" signature="()" line-rate="0" branch-rate="1" complexity="1">
              <lines>
                <line number="7" hits="0" branch="false" />
              </lines>
            </method>
            <method name=".ctor" signature="(...)" line-rate="0" branch-rate="1" complexity="1">
              <lines>
                <line number="9" hits="0" branch="false" />
                <line number="10" hits="0" branch="false" />
                <line number="11" hits="0" branch="false" />
                <line number="12" hits="0" branch="false" />
                <line number="13" hits="0" branch="false" />
              </lines>
            </method>
          </methods>
          <lines>
            <line number="7" hits="0" branch="false" />
            <line number="9" hits="0" branch="false" />
            <line number="10" hits="0" branch="false" />
            <line number="11" hits="0" branch="false" />
            <line number="12" hits="0" branch="false" />
            <line number="13" hits="0" branch="false" />
          </lines>
        </class>
        <class name="UaiGranja.Core.Messages.CommonMessages.Notifications.DomainNotification" filename="C:\Users\victo\source\repos\uai-granja-api\src\UaiGranja.Core\Messages\CommonMessages\Notifications\DomainNotification.cs" line-rate="0" branch-rate="1" complexity="6">
          <methods>
            <method name="get_Timestamp" signature="()" line-rate="0" branch-rate="1" complexity="1">
              <lines>
                <line number="7" hits="0" branch="false" />
              </lines>
            </method>
            <method name="get_DomainNotificationId" signature="()" line-rate="0" branch-rate="1" complexity="1">
              <lines>
                <line number="8" hits="0" branch="false" />
              </lines>
            </method>
            <method name="get_Key" signature="()" line-rate="0" branch-rate="1" complexity="1">
              <lines>
                <line number="9" hits="0" branch="false" />
              </lines>
            </method>
            <method name="get_Value" signature="()" line-rate="0" branch-rate="1" complexity="1">
              <lines>
                <line number="10" hits="0" branch="false" />
              </lines>
            </method>
            <method name="get_Version" signature="()" line-rate="0" branch-rate="1" complexity="1">
              <lines>
                <line number="11" hits="0" branch="false" />
              </lines>
            </method>
            <method name=".ctor" signature="(...)" line-rate="0" branch-rate="1" complexity="1">
              <lines>
                <line number="13" hits="0" branch="false" />
                <line number="14" hits="0" branch="false" />
                <line number="15" hits="0" branch="false" />
                <line number="16" hits="0" branch="false" />
                <line number="17" hits="0" branch="false" />
                <line number="18" hits="0" branch="false" />
                <line number="19" hits="0" branch="false" />
                <line number="20" hits="0" branch="false" />
              </lines>
            </method>
          </methods>
          <lines>
            <line number="7" hits="0" branch="false" />
            <line number="8" hits="0" branch="false" />
            <line number="9" hits="0" branch="false" />
            <line number="10" hits="0" branch="false" />
            <line number="11" hits="0" branch="false" />
            <line number="13" hits="0" branch="false" />
            <line number="14" hits="0" branch="false" />
            <line number="15" hits="0" branch="false" />
            <line number="16" hits="0" branch="false" />
            <line number="17" hits="0" branch="false" />
            <line number="18" hits="0" branch="false" />
            <line number="19" hits="0" branch="false" />
            <line number="20" hits="0" branch="false" />
          </lines>
        </class>
        <class name="UaiGranja.Core.Messages.CommonMessages.Notifications.DomainNotificationHandler" filename="C:\Users\victo\source\repos\uai-granja-api\src\UaiGranja.Core\Messages\CommonMessages\Notifications\DomainNotificationHandler.cs" line-rate="0" branch-rate="1" complexity="5">
          <methods>
            <method name="Handle" signature="(...)" line-rate="0" branch-rate="1" complexity="1">
              <lines>
                <line number="15" hits="0" branch="false" />
                <line number="16" hits="0" branch="false" />
                <line number="17" hits="0" branch="false" />
                <line number="18" hits="0" branch="false" />
              </lines>
            </method>
            <method name="ObterNotificacoes" signature="()" line-rate="0" branch-rate="1" complexity="1">
              <lines>
                <line number="21" hits="0" branch="false" />
                <line number="22" hits="0" branch="false" />
                <line number="23" hits="0" branch="false" />
              </lines>
            </method>
            <method name="TemNotificacao" signature="()" line-rate="0" branch-rate="1" complexity="1">
              <lines>
                <line number="26" hits="0" branch="false" />
                <line number="27" hits="0" branch="false" />
                <line number="28" hits="0" branch="false" />
              </lines>
            </method>
            <method name="Dispose" signature="()" line-rate="0" branch-rate="1" complexity="1">
              <lines>
                <line number="31" hits="0" branch="false" />
                <line number="32" hits="0" branch="false" />
                <line number="33" hits="0" branch="false" />
              </lines>
            </method>
            <method name=".ctor" signature="()" line-rate="0" branch-rate="1" complexity="1">
              <lines>
                <line number="9" hits="0" branch="false" />
                <line number="10" hits="0" branch="false" />
                <line number="11" hits="0" branch="false" />
                <line number="12" hits="0" branch="false" />
              </lines>
            </method>
          </methods>
          <lines>
            <line number="9" hits="0" branch="false" />
            <line number="10" hits="0" branch="false" />
            <line number="11" hits="0" branch="false" />
            <line number="12" hits="0" branch="false" />
            <line number="15" hits="0" branch="false" />
            <line number="16" hits="0" branch="false" />
            <line number="17" hits="0" branch="false" />
            <line number="18" hits="0" branch="false" />
            <line number="21" hits="0" branch="false" />
            <line number="22" hits="0" branch="false" />
            <line number="23" hits="0" branch="false" />
            <line number="26" hits="0" branch="false" />
            <line number="27" hits="0" branch="false" />
            <line number="28" hits="0" branch="false" />
            <line number="31" hits="0" branch="false" />
            <line number="32" hits="0" branch="false" />
            <line number="33" hits="0" branch="false" />
          </lines>
        </class>
        <class name="UaiGranja.Core.Messages.Event" filename="C:\Users\victo\source\repos\uai-granja-api\src\UaiGranja.Core\Messages\Event.cs" line-rate="0" branch-rate="1" complexity="2">
          <methods>
            <method name="get_Timestamp" signature="()" line-rate="0" branch-rate="1" complexity="1">
              <lines>
                <line number="7" hits="0" branch="false" />
              </lines>
            </method>
            <method name=".ctor" signature="()" line-rate="0" branch-rate="1" complexity="1">
              <lines>
                <line number="9" hits="0" branch="false" />
                <line number="10" hits="0" branch="false" />
                <line number="11" hits="0" branch="false" />
                <line number="12" hits="0" branch="false" />
              </lines>
            </method>
          </methods>
          <lines>
            <line number="7" hits="0" branch="false" />
            <line number="9" hits="0" branch="false" />
            <line number="10" hits="0" branch="false" />
            <line number="11" hits="0" branch="false" />
            <line number="12" hits="0" branch="false" />
          </lines>
        </class>
        <class name="UaiGranja.Core.Messages.Message" filename="C:\Users\victo\source\repos\uai-granja-api\src\UaiGranja.Core\Messages\Message.cs" line-rate="0" branch-rate="1" complexity="3">
          <methods>
            <method name="get_MessageType" signature="()" line-rate="0" branch-rate="1" complexity="1">
              <lines>
                <line number="5" hits="0" branch="false" />
              </lines>
            </method>
            <method name="get_AggregateId" signature="()" line-rate="0" branch-rate="1" complexity="1">
              <lines>
                <line number="6" hits="0" branch="false" />
              </lines>
            </method>
            <method name=".ctor" signature="()" line-rate="0" branch-rate="1" complexity="1">
              <lines>
                <line number="8" hits="0" branch="false" />
                <line number="9" hits="0" branch="false" />
                <line number="10" hits="0" branch="false" />
                <line number="11" hits="0" branch="false" />
              </lines>
            </method>
          </methods>
          <lines>
            <line number="5" hits="0" branch="false" />
            <line number="6" hits="0" branch="false" />
            <line number="8" hits="0" branch="false" />
            <line number="9" hits="0" branch="false" />
            <line number="10" hits="0" branch="false" />
            <line number="11" hits="0" branch="false" />
          </lines>
        </class>
      </classes>
    </package>
  </packages>
</coverage>