<?xml version="1.0" encoding="utf-8"?>
<coverage line-rate="0.8299" branch-rate="0.7787999999999999" version="1.9" timestamp="1689295392" lines-covered="605" lines-valid="729" branches-covered="81" branches-valid="104">
  <sources>
    <source>C:\Users\victo\</source>
  </sources>
  <packages>
    <package name="UaiGranja.Avicultura.Domain" line-rate="0.9767" branch-rate="0.9642000000000001" complexity="149">
      <classes>
        <class name="UaiGranja.Avicultura.Domain.ValueObjects.Pesagem" filename="source\repos\uai-granja-api\src\UaiGranja.Avicultura.Domain\ValueObjects\Pesagem.cs" line-rate="1" branch-rate="1" complexity="6">
          <methods>
            <method name="get_TipoHistorico" signature="()" line-rate="1" branch-rate="1" complexity="1">
              <lines>
                <line number="8" hits="38" branch="False" />
              </lines>
            </method>
            <method name="get_TipoPesagem" signature="()" line-rate="1" branch-rate="1" complexity="1">
              <lines>
                <line number="9" hits="32" branch="False" />
              </lines>
            </method>
            <method name="get_Peso" signature="()" line-rate="1" branch-rate="1" complexity="1">
              <lines>
                <line number="10" hits="32" branch="False" />
              </lines>
            </method>
            <method name="get_IdadePesagem" signature="()" line-rate="1" branch-rate="1" complexity="1">
              <lines>
                <line number="11" hits="32" branch="False" />
              </lines>
            </method>
            <method name="get_DataPesagem" signature="()" line-rate="1" branch-rate="1" complexity="1">
              <lines>
                <line number="12" hits="16" branch="False" />
              </lines>
            </method>
            <method name=".ctor" signature="(UaiGranja.Avicultura.Domain.Enums.TipoHistoricoPesagemEnum,UaiGranja.Avicultura.Domain.Enums.TipoPesagemEnum,System.Decimal,System.Int32)" line-rate="1" branch-rate="1" complexity="1">
              <lines>
                <line number="14" hits="16" branch="False" />
                <line number="15" hits="16" branch="False" />
                <line number="16" hits="16" branch="False" />
                <line number="17" hits="16" branch="False" />
                <line number="18" hits="16" branch="False" />
                <line number="19" hits="16" branch="False" />
                <line number="20" hits="16" branch="False" />
                <line number="21" hits="16" branch="False" />
              </lines>
            </method>
          </methods>
          <lines>
            <line number="8" hits="38" branch="False" />
            <line number="9" hits="32" branch="False" />
            <line number="10" hits="32" branch="False" />
            <line number="11" hits="32" branch="False" />
            <line number="12" hits="16" branch="False" />
            <line number="14" hits="16" branch="False" />
            <line number="15" hits="16" branch="False" />
            <line number="16" hits="16" branch="False" />
            <line number="17" hits="16" branch="False" />
            <line number="18" hits="16" branch="False" />
            <line number="19" hits="16" branch="False" />
            <line number="20" hits="16" branch="False" />
            <line number="21" hits="16" branch="False" />
          </lines>
        </class>
        <class name="UaiGranja.Avicultura.Domain.ValueObjects.Pesagem/PesagemValidation" filename="source\repos\uai-granja-api\src\UaiGranja.Avicultura.Domain\ValueObjects\Pesagem.cs" line-rate="1" branch-rate="1" complexity="1">
          <methods>
            <method name=".ctor" signature="()" line-rate="1" branch-rate="1" complexity="1">
              <lines>
                <line number="25" hits="16" branch="False" />
                <line number="26" hits="16" branch="False" />
                <line number="27" hits="16" branch="False" />
                <line number="29" hits="16" branch="False" />
                <line number="31" hits="16" branch="False" />
                <line number="33" hits="16" branch="False" />
                <line number="34" hits="16" branch="False" />
              </lines>
            </method>
          </methods>
          <lines>
            <line number="25" hits="16" branch="False" />
            <line number="26" hits="16" branch="False" />
            <line number="27" hits="16" branch="False" />
            <line number="29" hits="16" branch="False" />
            <line number="31" hits="16" branch="False" />
            <line number="33" hits="16" branch="False" />
            <line number="34" hits="16" branch="False" />
          </lines>
        </class>
        <class name="UaiGranja.Avicultura.Domain.Entities.Ave" filename="source\repos\uai-granja-api\src\UaiGranja.Avicultura.Domain\Entities\Ave.cs" line-rate="0.9387000000000001" branch-rate="1" complexity="22">
          <methods>
            <method name="get_Codigo" signature="()" line-rate="1" branch-rate="1" complexity="1">
              <lines>
                <line number="9" hits="131" branch="False" />
              </lines>
            </method>
            <method name="get_GeneroAnimal" signature="()" line-rate="1" branch-rate="1" complexity="1">
              <lines>
                <line number="10" hits="123" branch="False" />
              </lines>
            </method>
            <method name="get_DataNascimento" signature="()" line-rate="1" branch-rate="1" complexity="1">
              <lines>
                <line number="11" hits="145" branch="False" />
              </lines>
            </method>
            <method name="get_TipoAveId" signature="()" line-rate="0" branch-rate="1" complexity="1">
              <lines>
                <line number="12" hits="0" branch="False" />
              </lines>
            </method>
            <method name="get_LoteId" signature="()" line-rate="1" branch-rate="1" complexity="1">
              <lines>
                <line number="13" hits="45" branch="False" />
              </lines>
            </method>
            <method name="get_GalinheiroId" signature="()" line-rate="1" branch-rate="1" complexity="1">
              <lines>
                <line number="14" hits="8" branch="False" />
              </lines>
            </method>
            <method name="get_TipoAve" signature="()" line-rate="1" branch-rate="1" complexity="1">
              <lines>
                <line number="17" hits="123" branch="False" />
              </lines>
            </method>
            <method name="get_Lote" signature="()" line-rate="0" branch-rate="1" complexity="1">
              <lines>
                <line number="18" hits="0" branch="False" />
              </lines>
            </method>
            <method name="get_Galinheiro" signature="()" line-rate="0" branch-rate="1" complexity="1">
              <lines>
                <line number="19" hits="0" branch="False" />
              </lines>
            </method>
            <method name="get_Historicos" signature="()" line-rate="1" branch-rate="1" complexity="1">
              <lines>
                <line number="21" hits="23" branch="False" />
              </lines>
            </method>
            <method name="AssociarGalinheiro" signature="(System.Guid)" line-rate="1" branch-rate="1" complexity="1">
              <lines>
                <line number="38" hits="8" branch="False" />
                <line number="39" hits="8" branch="False" />
                <line number="40" hits="8" branch="False" />
              </lines>
            </method>
            <method name="AssociarLote" signature="(System.Guid)" line-rate="1" branch-rate="1" complexity="1">
              <lines>
                <line number="43" hits="45" branch="False" />
                <line number="44" hits="45" branch="False" />
                <line number="45" hits="45" branch="False" />
              </lines>
            </method>
            <method name="ObterIdadeAve" signature="()" line-rate="1" branch-rate="1" complexity="1">
              <lines>
                <line number="48" hits="8" branch="False" />
                <line number="49" hits="8" branch="False" />
                <line number="50" hits="8" branch="False" />
              </lines>
            </method>
            <method name="EstaVivo" signature="()" line-rate="1" branch-rate="1" complexity="2">
              <lines>
                <line number="53" hits="16" branch="False" />
                <line number="54" hits="26" branch="True" condition-coverage="100% (2/2)">
                  <conditions>
                    <condition number="17" type="jump" coverage="100%" />
                  </conditions>
                </line>
                <line number="55" hits="12" branch="False" />
                <line number="56" hits="16" branch="False" />
              </lines>
            </method>
            <method name="RealizarPesagem" signature="(System.Decimal)" line-rate="1" branch-rate="1" complexity="2">
              <lines>
                <line number="59" hits="2" branch="False" />
                <line number="60" hits="3" branch="True" condition-coverage="100% (2/2)">
                  <conditions>
                    <condition number="12" type="jump" coverage="100%" />
                  </conditions>
                </line>
                <line number="61" hits="1" branch="False" />
                <line number="62" hits="1" branch="False" />
                <line number="63" hits="1" branch="False" />
              </lines>
            </method>
            <method name="RealizarAbate" signature="(System.Decimal)" line-rate="1" branch-rate="1" complexity="2">
              <lines>
                <line number="66" hits="7" branch="False" />
                <line number="67" hits="8" branch="True" condition-coverage="100% (2/2)">
                  <conditions>
                    <condition number="12" type="jump" coverage="100%" />
                  </conditions>
                </line>
                <line number="68" hits="6" branch="False" />
                <line number="69" hits="6" branch="False" />
                <line number="70" hits="6" branch="False" />
              </lines>
            </method>
            <method name="EhValido" signature="()" line-rate="1" branch-rate="1" complexity="1">
              <lines>
                <line number="73" hits="59" branch="False" />
                <line number="74" hits="59" branch="False" />
                <line number="75" hits="59" branch="False" />
                <line number="76" hits="59" branch="False" />
              </lines>
            </method>
            <method name=".ctor" signature="(System.String,UaiGranja.Avicultura.Domain.Enums.GeneroAnimalEnum,System.DateTime,UaiGranja.Avicultura.Domain.Entities.TipoAve)" line-rate="1" branch-rate="1" complexity="1">
              <lines>
                <line number="23" hits="64" branch="False" />
                <line number="24" hits="64" branch="False" />
                <line number="25" hits="64" branch="False" />
                <line number="26" hits="64" branch="False" />
                <line number="27" hits="64" branch="False" />
                <line number="28" hits="64" branch="False" />
                <line number="29" hits="64" branch="False" />
                <line number="30" hits="64" branch="False" />
              </lines>
            </method>
            <method name=".ctor" signature="()" line-rate="1" branch-rate="1" complexity="1">
              <lines>
                <line number="32" hits="3" branch="False" />
                <line number="33" hits="3" branch="False" />
                <line number="34" hits="3" branch="False" />
                <line number="35" hits="3" branch="False" />
              </lines>
            </method>
          </methods>
          <lines>
            <line number="9" hits="131" branch="False" />
            <line number="10" hits="123" branch="False" />
            <line number="11" hits="145" branch="False" />
            <line number="12" hits="0" branch="False" />
            <line number="13" hits="45" branch="False" />
            <line number="14" hits="8" branch="False" />
            <line number="17" hits="123" branch="False" />
            <line number="18" hits="0" branch="False" />
            <line number="19" hits="0" branch="False" />
            <line number="21" hits="23" branch="False" />
            <line number="38" hits="8" branch="False" />
            <line number="39" hits="8" branch="False" />
            <line number="40" hits="8" branch="False" />
            <line number="43" hits="45" branch="False" />
            <line number="44" hits="45" branch="False" />
            <line number="45" hits="45" branch="False" />
            <line number="48" hits="8" branch="False" />
            <line number="49" hits="8" branch="False" />
            <line number="50" hits="8" branch="False" />
            <line number="53" hits="16" branch="False" />
            <line number="54" hits="26" branch="True" condition-coverage="100% (2/2)">
              <conditions>
                <condition number="17" type="jump" coverage="100%" />
              </conditions>
            </line>
            <line number="55" hits="12" branch="False" />
            <line number="56" hits="16" branch="False" />
            <line number="59" hits="2" branch="False" />
            <line number="60" hits="3" branch="True" condition-coverage="100% (2/2)">
              <conditions>
                <condition number="12" type="jump" coverage="100%" />
              </conditions>
            </line>
            <line number="61" hits="1" branch="False" />
            <line number="62" hits="1" branch="False" />
            <line number="63" hits="1" branch="False" />
            <line number="66" hits="7" branch="False" />
            <line number="67" hits="8" branch="True" condition-coverage="100% (2/2)">
              <conditions>
                <condition number="12" type="jump" coverage="100%" />
              </conditions>
            </line>
            <line number="68" hits="6" branch="False" />
            <line number="69" hits="6" branch="False" />
            <line number="70" hits="6" branch="False" />
            <line number="73" hits="59" branch="False" />
            <line number="74" hits="59" branch="False" />
            <line number="75" hits="59" branch="False" />
            <line number="76" hits="59" branch="False" />
            <line number="23" hits="64" branch="False" />
            <line number="24" hits="64" branch="False" />
            <line number="25" hits="64" branch="False" />
            <line number="26" hits="64" branch="False" />
            <line number="27" hits="64" branch="False" />
            <line number="28" hits="64" branch="False" />
            <line number="29" hits="64" branch="False" />
            <line number="30" hits="64" branch="False" />
            <line number="32" hits="3" branch="False" />
            <line number="33" hits="3" branch="False" />
            <line number="34" hits="3" branch="False" />
            <line number="35" hits="3" branch="False" />
          </lines>
        </class>
        <class name="UaiGranja.Avicultura.Domain.Entities.AveValidation" filename="source\repos\uai-granja-api\src\UaiGranja.Avicultura.Domain\Entities\Ave.cs" line-rate="1" branch-rate="1" complexity="3">
          <methods>
            <method name="TipoAveEhValida" signature="(UaiGranja.Avicultura.Domain.Entities.TipoAve)" line-rate="1" branch-rate="1" complexity="2">
              <lines>
                <line number="93" hits="59" branch="True" condition-coverage="100% (2/2)">
                  <conditions>
                    <condition number="1" type="jump" coverage="100%" />
                  </conditions>
                </line>
              </lines>
            </method>
            <method name=".ctor" signature="()" line-rate="1" branch-rate="1" complexity="1">
              <lines>
                <line number="81" hits="59" branch="False" />
                <line number="82" hits="59" branch="False" />
                <line number="83" hits="59" branch="False" />
                <line number="85" hits="59" branch="False" />
                <line number="87" hits="59" branch="False" />
                <line number="89" hits="59" branch="False" />
                <line number="90" hits="59" branch="False" />
              </lines>
            </method>
          </methods>
          <lines>
            <line number="93" hits="59" branch="True" condition-coverage="100% (2/2)">
              <conditions>
                <condition number="1" type="jump" coverage="100%" />
              </conditions>
            </line>
            <line number="81" hits="59" branch="False" />
            <line number="82" hits="59" branch="False" />
            <line number="83" hits="59" branch="False" />
            <line number="85" hits="59" branch="False" />
            <line number="87" hits="59" branch="False" />
            <line number="89" hits="59" branch="False" />
            <line number="90" hits="59" branch="False" />
          </lines>
        </class>
        <class name="UaiGranja.Avicultura.Domain.Entities.Galinheiro" filename="source\repos\uai-granja-api\src\UaiGranja.Avicultura.Domain\Entities\Galinheiro.cs" line-rate="1" branch-rate="0.9375" complexity="42">
          <methods>
            <method name="get_Codigo" signature="()" line-rate="1" branch-rate="1" complexity="1">
              <lines>
                <line number="8" hits="20" branch="False" />
              </lines>
            </method>
            <method name="get_Area" signature="()" line-rate="1" branch-rate="1" complexity="1">
              <lines>
                <line number="9" hits="20" branch="False" />
              </lines>
            </method>
            <method name="get_Capacidade" signature="()" line-rate="1" branch-rate="1" complexity="1">
              <lines>
                <line number="10" hits="39" branch="False" />
              </lines>
            </method>
            <method name="get_UtilizaLote" signature="()" line-rate="1" branch-rate="1" complexity="1">
              <lines>
                <line number="11" hits="55" branch="False" />
              </lines>
            </method>
            <method name="get_Aves" signature="()" line-rate="1" branch-rate="1" complexity="1">
              <lines>
                <line number="16" hits="4" branch="False" />
              </lines>
            </method>
            <method name="get_Lotes" signature="()" line-rate="1" branch-rate="1" complexity="1">
              <lines>
                <line number="19" hits="6" branch="False" />
              </lines>
            </method>
            <method name="AdicionarLote" signature="(UaiGranja.Avicultura.Domain.Entities.Lote)" line-rate="1" branch-rate="1" complexity="6">
              <lines>
                <line number="38" hits="9" branch="False" />
                <line number="39" hits="9" branch="True" condition-coverage="100% (2/2)">
                  <conditions>
                    <condition number="12" type="jump" coverage="100%" />
                  </conditions>
                </line>
                <line number="41" hits="10" branch="True" condition-coverage="100% (2/2)">
                  <conditions>
                    <condition number="27" type="jump" coverage="100%" />
                  </conditions>
                </line>
                <line number="43" hits="9" branch="True" condition-coverage="100% (2/2)">
                  <conditions>
                    <condition number="64" type="jump" coverage="100%" />
                  </conditions>
                </line>
                <line number="45" hits="7" branch="False" />
                <line number="46" hits="7" branch="False" />
                <line number="47" hits="7" branch="False" />
              </lines>
            </method>
            <method name="AdicionarAves" signature="(System.Collections.Generic.IEnumerable`1&lt;UaiGranja.Avicultura.Domain.Entities.Ave&gt;,System.Guid)" line-rate="1" branch-rate="1" complexity="2">
              <lines>
                <line number="50" hits="2" branch="False" />
                <line number="51" hits="14" branch="True" condition-coverage="100% (2/2)">
                  <conditions>
                    <condition number="35" type="jump" coverage="100%" />
                  </conditions>
                </line>
                <line number="52" hits="4" branch="False" />
                <line number="53" hits="4" branch="False" />
                <line number="54" hits="4" branch="False" />
                <line number="55" hits="2" branch="False" />
              </lines>
            </method>
            <method name="AdicionarAve" signature="(UaiGranja.Avicultura.Domain.Entities.Ave,System.Guid)" line-rate="1" branch-rate="0.9285" complexity="14">
              <lines>
                <line number="58" hits="14" branch="False" />
                <line number="59" hits="14" branch="True" condition-coverage="100% (2/2)">
                  <conditions>
                    <condition number="29" type="jump" coverage="100%" />
                  </conditions>
                </line>
                <line number="60" hits="4" branch="False" />
                <line number="61" hits="8" branch="False" />
                <line number="62" hits="5" branch="True" condition-coverage="100% (2/2)">
                  <conditions>
                    <condition number="62" type="jump" coverage="100%" />
                  </conditions>
                </line>
                <line number="63" hits="4" branch="True" condition-coverage="100% (2/2)">
                  <conditions>
                    <condition number="101" type="jump" coverage="100%" />
                  </conditions>
                </line>
                <line number="65" hits="2" branch="False" />
                <line number="66" hits="1" branch="False" />
                <line number="68" hits="10" branch="False" />
                <line number="69" hits="10" branch="True" condition-coverage="50% (1/2)">
                  <conditions>
                    <condition number="152" type="jump" coverage="50%" />
                  </conditions>
                </line>
                <line number="70" hits="11" branch="True" condition-coverage="100% (2/2)">
                  <conditions>
                    <condition number="207" type="jump" coverage="100%" />
                  </conditions>
                </line>
                <line number="71" hits="14" branch="True" condition-coverage="100% (4/4)">
                  <conditions>
                    <condition number="247" type="jump" coverage="100%" />
                    <condition number="22" type="jump" coverage="100%" />
                  </conditions>
                </line>
                <line number="72" hits="8" branch="False" />
                <line number="73" hits="8" branch="False" />
                <line number="74" hits="8" branch="False" />
                <line number="75" hits="9" branch="False" />
              </lines>
            </method>
            <method name="RealizarAbateAve" signature="(System.Guid,System.Decimal)" line-rate="1" branch-rate="0.75" complexity="4">
              <lines>
                <line number="78" hits="2" branch="False" />
                <line number="79" hits="2" branch="True" condition-coverage="50% (1/2)">
                  <conditions>
                    <condition number="22" type="jump" coverage="50%" />
                  </conditions>
                </line>
                <line number="80" hits="3" branch="False" />
                <line number="81" hits="3" branch="True" condition-coverage="100% (2/2)">
                  <conditions>
                    <condition number="65" type="jump" coverage="100%" />
                  </conditions>
                </line>
                <line number="82" hits="1" branch="False" />
                <line number="83" hits="1" branch="False" />
              </lines>
            </method>
            <method name="RealizarAbateLote" signature="(System.Guid,System.Decimal)" line-rate="1" branch-rate="1" complexity="4">
              <lines>
                <line number="86" hits="3" branch="False" />
                <line number="87" hits="4" branch="True" condition-coverage="100% (2/2)">
                  <conditions>
                    <condition number="25" type="jump" coverage="100%" />
                  </conditions>
                </line>
                <line number="88" hits="3" branch="False" />
                <line number="89" hits="3" branch="True" condition-coverage="100% (2/2)">
                  <conditions>
                    <condition number="68" type="jump" coverage="100%" />
                  </conditions>
                </line>
                <line number="90" hits="1" branch="False" />
                <line number="91" hits="1" branch="False" />
              </lines>
            </method>
            <method name="AlterarEstruturaGalinheiro" signature="()" line-rate="1" branch-rate="1" complexity="2">
              <lines>
                <line number="94" hits="2" branch="False" />
                <line number="95" hits="2" branch="True" condition-coverage="100% (2/2)">
                  <conditions>
                    <condition number="9" type="jump" coverage="100%" />
                  </conditions>
                </line>
                <line number="96" hits="1" branch="False" />
                <line number="97" hits="1" branch="False" />
                <line number="98" hits="2" branch="False" />
                <line number="99" hits="2" branch="False" />
                <line number="100" hits="1" branch="False" />
                <line number="102" hits="1" branch="False" />
                <line number="103" hits="1" branch="False" />
                <line number="104" hits="1" branch="False" />
                <line number="105" hits="1" branch="False" />
                <line number="106" hits="1" branch="False" />
                <line number="107" hits="3" branch="False" />
                <line number="108" hits="1" branch="False" />
                <line number="109" hits="2" branch="False" />
              </lines>
            </method>
            <method name="AtualizarGalinheiroUtilizaLote" signature="()" line-rate="1" branch-rate="1" complexity="1">
              <lines>
                <line number="112" hits="2" branch="False" />
              </lines>
            </method>
            <method name="EhValido" signature="()" line-rate="1" branch-rate="1" complexity="1">
              <lines>
                <line number="115" hits="2" branch="False" />
                <line number="116" hits="2" branch="False" />
                <line number="117" hits="2" branch="False" />
                <line number="118" hits="2" branch="False" />
              </lines>
            </method>
            <method name=".ctor" signature="(System.String,System.Decimal,System.Int32,System.Boolean)" line-rate="1" branch-rate="1" complexity="1">
              <lines>
                <line number="21" hits="18" branch="False" />
                <line number="22" hits="18" branch="False" />
                <line number="23" hits="18" branch="False" />
                <line number="24" hits="18" branch="False" />
                <line number="25" hits="18" branch="False" />
                <line number="26" hits="18" branch="False" />
                <line number="27" hits="18" branch="False" />
                <line number="28" hits="18" branch="False" />
                <line number="29" hits="18" branch="False" />
              </lines>
            </method>
            <method name=".ctor" signature="()" line-rate="1" branch-rate="1" complexity="1">
              <lines>
                <line number="31" hits="1" branch="False" />
                <line number="32" hits="1" branch="False" />
                <line number="33" hits="1" branch="False" />
                <line number="34" hits="1" branch="False" />
                <line number="35" hits="1" branch="False" />
              </lines>
            </method>
          </methods>
          <lines>
            <line number="8" hits="20" branch="False" />
            <line number="9" hits="20" branch="False" />
            <line number="10" hits="39" branch="False" />
            <line number="11" hits="55" branch="False" />
            <line number="16" hits="4" branch="False" />
            <line number="19" hits="6" branch="False" />
            <line number="38" hits="9" branch="False" />
            <line number="39" hits="9" branch="True" condition-coverage="100% (2/2)">
              <conditions>
                <condition number="12" type="jump" coverage="100%" />
              </conditions>
            </line>
            <line number="41" hits="10" branch="True" condition-coverage="100% (2/2)">
              <conditions>
                <condition number="27" type="jump" coverage="100%" />
              </conditions>
            </line>
            <line number="43" hits="9" branch="True" condition-coverage="100% (2/2)">
              <conditions>
                <condition number="64" type="jump" coverage="100%" />
              </conditions>
            </line>
            <line number="45" hits="7" branch="False" />
            <line number="46" hits="7" branch="False" />
            <line number="47" hits="7" branch="False" />
            <line number="50" hits="2" branch="False" />
            <line number="51" hits="14" branch="True" condition-coverage="100% (2/2)">
              <conditions>
                <condition number="35" type="jump" coverage="100%" />
              </conditions>
            </line>
            <line number="52" hits="4" branch="False" />
            <line number="53" hits="4" branch="False" />
            <line number="54" hits="4" branch="False" />
            <line number="55" hits="2" branch="False" />
            <line number="58" hits="14" branch="False" />
            <line number="59" hits="14" branch="True" condition-coverage="100% (2/2)">
              <conditions>
                <condition number="29" type="jump" coverage="100%" />
              </conditions>
            </line>
            <line number="60" hits="4" branch="False" />
            <line number="61" hits="8" branch="False" />
            <line number="62" hits="5" branch="True" condition-coverage="100% (2/2)">
              <conditions>
                <condition number="62" type="jump" coverage="100%" />
              </conditions>
            </line>
            <line number="63" hits="4" branch="True" condition-coverage="100% (2/2)">
              <conditions>
                <condition number="101" type="jump" coverage="100%" />
              </conditions>
            </line>
            <line number="65" hits="2" branch="False" />
            <line number="66" hits="1" branch="False" />
            <line number="68" hits="10" branch="False" />
            <line number="69" hits="10" branch="True" condition-coverage="50% (1/2)">
              <conditions>
                <condition number="152" type="jump" coverage="50%" />
              </conditions>
            </line>
            <line number="70" hits="11" branch="True" condition-coverage="100% (2/2)">
              <conditions>
                <condition number="207" type="jump" coverage="100%" />
              </conditions>
            </line>
            <line number="71" hits="14" branch="True" condition-coverage="100% (4/4)">
              <conditions>
                <condition number="247" type="jump" coverage="100%" />
                <condition number="22" type="jump" coverage="100%" />
              </conditions>
            </line>
            <line number="72" hits="8" branch="False" />
            <line number="73" hits="8" branch="False" />
            <line number="74" hits="8" branch="False" />
            <line number="75" hits="9" branch="False" />
            <line number="78" hits="2" branch="False" />
            <line number="79" hits="2" branch="True" condition-coverage="50% (1/2)">
              <conditions>
                <condition number="22" type="jump" coverage="50%" />
              </conditions>
            </line>
            <line number="80" hits="3" branch="False" />
            <line number="81" hits="3" branch="True" condition-coverage="100% (2/2)">
              <conditions>
                <condition number="65" type="jump" coverage="100%" />
              </conditions>
            </line>
            <line number="82" hits="1" branch="False" />
            <line number="83" hits="1" branch="False" />
            <line number="86" hits="3" branch="False" />
            <line number="87" hits="4" branch="True" condition-coverage="100% (2/2)">
              <conditions>
                <condition number="25" type="jump" coverage="100%" />
              </conditions>
            </line>
            <line number="88" hits="3" branch="False" />
            <line number="89" hits="3" branch="True" condition-coverage="100% (2/2)">
              <conditions>
                <condition number="68" type="jump" coverage="100%" />
              </conditions>
            </line>
            <line number="90" hits="1" branch="False" />
            <line number="91" hits="1" branch="False" />
            <line number="94" hits="2" branch="False" />
            <line number="95" hits="2" branch="True" condition-coverage="100% (2/2)">
              <conditions>
                <condition number="9" type="jump" coverage="100%" />
              </conditions>
            </line>
            <line number="96" hits="1" branch="False" />
            <line number="97" hits="1" branch="False" />
            <line number="98" hits="2" branch="False" />
            <line number="99" hits="2" branch="False" />
            <line number="100" hits="1" branch="False" />
            <line number="102" hits="1" branch="False" />
            <line number="103" hits="1" branch="False" />
            <line number="104" hits="1" branch="False" />
            <line number="105" hits="1" branch="False" />
            <line number="106" hits="1" branch="False" />
            <line number="107" hits="3" branch="False" />
            <line number="108" hits="1" branch="False" />
            <line number="109" hits="2" branch="False" />
            <line number="112" hits="2" branch="False" />
            <line number="115" hits="2" branch="False" />
            <line number="116" hits="2" branch="False" />
            <line number="117" hits="2" branch="False" />
            <line number="118" hits="2" branch="False" />
            <line number="21" hits="18" branch="False" />
            <line number="22" hits="18" branch="False" />
            <line number="23" hits="18" branch="False" />
            <line number="24" hits="18" branch="False" />
            <line number="25" hits="18" branch="False" />
            <line number="26" hits="18" branch="False" />
            <line number="27" hits="18" branch="False" />
            <line number="28" hits="18" branch="False" />
            <line number="29" hits="18" branch="False" />
            <line number="31" hits="1" branch="False" />
            <line number="32" hits="1" branch="False" />
            <line number="33" hits="1" branch="False" />
            <line number="34" hits="1" branch="False" />
            <line number="35" hits="1" branch="False" />
          </lines>
        </class>
        <class name="UaiGranja.Avicultura.Domain.Entities.GalinheiroValidation" filename="source\repos\uai-granja-api\src\UaiGranja.Avicultura.Domain\Entities\Galinheiro.cs" line-rate="1" branch-rate="1" complexity="3">
          <methods>
            <method name="CapacidadeValida" signature="(UaiGranja.Avicultura.Domain.Entities.Galinheiro)" line-rate="1" branch-rate="1" complexity="2">
              <lines>
                <line number="133" hits="2" branch="True" condition-coverage="100% (2/2)">
                  <conditions>
                    <condition number="7" type="jump" coverage="100%" />
                  </conditions>
                </line>
              </lines>
            </method>
            <method name=".ctor" signature="()" line-rate="1" branch-rate="1" complexity="1">
              <lines>
                <line number="123" hits="2" branch="False" />
                <line number="124" hits="2" branch="False" />
                <line number="125" hits="2" branch="False" />
                <line number="127" hits="2" branch="False" />
                <line number="129" hits="2" branch="False" />
                <line number="130" hits="2" branch="False" />
              </lines>
            </method>
          </methods>
          <lines>
            <line number="133" hits="2" branch="True" condition-coverage="100% (2/2)">
              <conditions>
                <condition number="7" type="jump" coverage="100%" />
              </conditions>
            </line>
            <line number="123" hits="2" branch="False" />
            <line number="124" hits="2" branch="False" />
            <line number="125" hits="2" branch="False" />
            <line number="127" hits="2" branch="False" />
            <line number="129" hits="2" branch="False" />
            <line number="130" hits="2" branch="False" />
          </lines>
        </class>
        <class name="UaiGranja.Avicultura.Domain.Entities.HistoricoAve" filename="source\repos\uai-granja-api\src\UaiGranja.Avicultura.Domain\Entities\HistoricoAve.cs" line-rate="0.8461" branch-rate="1" complexity="7">
          <methods>
            <method name="get_Pesagem" signature="()" line-rate="1" branch-rate="1" complexity="1">
              <lines>
                <line number="11" hits="38" branch="False" />
              </lines>
            </method>
            <method name="get_AveId" signature="()" line-rate="1" branch-rate="1" complexity="1">
              <lines>
                <line number="12" hits="32" branch="False" />
              </lines>
            </method>
            <method name="get_LoteId" signature="()" line-rate="1" branch-rate="1" complexity="1">
              <lines>
                <line number="13" hits="24" branch="False" />
              </lines>
            </method>
            <method name="get_Ave" signature="()" line-rate="0" branch-rate="1" complexity="1">
              <lines>
                <line number="16" hits="0" branch="False" />
              </lines>
            </method>
            <method name="get_Lote" signature="()" line-rate="0" branch-rate="1" complexity="1">
              <lines>
                <line number="17" hits="0" branch="False" />
              </lines>
            </method>
            <method name="EhValido" signature="()" line-rate="1" branch-rate="1" complexity="1">
              <lines>
                <line number="22" hits="16" branch="False" />
                <line number="23" hits="16" branch="False" />
                <line number="24" hits="16" branch="False" />
                <line number="26" hits="16" branch="False" />
                <line number="27" hits="16" branch="False" />
                <line number="29" hits="16" branch="False" />
                <line number="30" hits="16" branch="False" />
              </lines>
            </method>
            <method name=".ctor" signature="()" line-rate="1" branch-rate="1" complexity="1">
              <lines>
                <line number="19" hits="48" branch="False" />
              </lines>
            </method>
          </methods>
          <lines>
            <line number="11" hits="38" branch="False" />
            <line number="12" hits="32" branch="False" />
            <line number="13" hits="24" branch="False" />
            <line number="16" hits="0" branch="False" />
            <line number="17" hits="0" branch="False" />
            <line number="22" hits="16" branch="False" />
            <line number="23" hits="16" branch="False" />
            <line number="24" hits="16" branch="False" />
            <line number="26" hits="16" branch="False" />
            <line number="27" hits="16" branch="False" />
            <line number="29" hits="16" branch="False" />
            <line number="30" hits="16" branch="False" />
            <line number="19" hits="48" branch="False" />
          </lines>
        </class>
        <class name="UaiGranja.Avicultura.Domain.Entities.HistoricoAve/HistoricoAveFactory" filename="source\repos\uai-granja-api\src\UaiGranja.Avicultura.Domain\Entities\HistoricoAve.cs" line-rate="1" branch-rate="1" complexity="12">
          <methods>
            <method name="NovaPesagemAve" signature="(UaiGranja.Avicultura.Domain.Entities.Ave,UaiGranja.Avicultura.Domain.Enums.TipoHistoricoPesagemEnum,UaiGranja.Avicultura.Domain.Enums.TipoPesagemEnum,System.Decimal)" line-rate="1" branch-rate="1" complexity="6">
              <lines>
                <line number="35" hits="9" branch="False" />
                <line number="36" hits="10" branch="True" condition-coverage="100% (4/4)">
                  <conditions>
                    <condition number="2" type="jump" coverage="100%" />
                    <condition number="25" type="jump" coverage="100%" />
                  </conditions>
                </line>
                <line number="38" hits="8" branch="False" />
                <line number="39" hits="8" branch="False" />
                <line number="40" hits="8" branch="False" />
                <line number="41" hits="8" branch="False" />
                <line number="42" hits="8" branch="False" />
                <line number="44" hits="8" branch="True" condition-coverage="100% (2/2)">
                  <conditions>
                    <condition number="89" type="jump" coverage="100%" />
                  </conditions>
                </line>
                <line number="45" hits="7" branch="False" />
              </lines>
            </method>
            <method name="NovaPesagemLote" signature="(UaiGranja.Avicultura.Domain.Entities.Lote,UaiGranja.Avicultura.Domain.Enums.TipoHistoricoPesagemEnum,UaiGranja.Avicultura.Domain.Enums.TipoPesagemEnum,System.Decimal)" line-rate="1" branch-rate="1" complexity="6">
              <lines>
                <line number="48" hits="9" branch="False" />
                <line number="49" hits="10" branch="True" condition-coverage="100% (4/4)">
                  <conditions>
                    <condition number="2" type="jump" coverage="100%" />
                    <condition number="25" type="jump" coverage="100%" />
                  </conditions>
                </line>
                <line number="51" hits="8" branch="False" />
                <line number="52" hits="8" branch="False" />
                <line number="53" hits="8" branch="False" />
                <line number="54" hits="8" branch="False" />
                <line number="55" hits="8" branch="False" />
                <line number="57" hits="8" branch="True" condition-coverage="100% (2/2)">
                  <conditions>
                    <condition number="89" type="jump" coverage="100%" />
                  </conditions>
                </line>
                <line number="58" hits="7" branch="False" />
              </lines>
            </method>
          </methods>
          <lines>
            <line number="35" hits="9" branch="False" />
            <line number="36" hits="10" branch="True" condition-coverage="100% (4/4)">
              <conditions>
                <condition number="2" type="jump" coverage="100%" />
                <condition number="25" type="jump" coverage="100%" />
              </conditions>
            </line>
            <line number="38" hits="8" branch="False" />
            <line number="39" hits="8" branch="False" />
            <line number="40" hits="8" branch="False" />
            <line number="41" hits="8" branch="False" />
            <line number="42" hits="8" branch="False" />
            <line number="44" hits="8" branch="True" condition-coverage="100% (2/2)">
              <conditions>
                <condition number="89" type="jump" coverage="100%" />
              </conditions>
            </line>
            <line number="45" hits="7" branch="False" />
            <line number="48" hits="9" branch="False" />
            <line number="49" hits="10" branch="True" condition-coverage="100% (4/4)">
              <conditions>
                <condition number="2" type="jump" coverage="100%" />
                <condition number="25" type="jump" coverage="100%" />
              </conditions>
            </line>
            <line number="51" hits="8" branch="False" />
            <line number="52" hits="8" branch="False" />
            <line number="53" hits="8" branch="False" />
            <line number="54" hits="8" branch="False" />
            <line number="55" hits="8" branch="False" />
            <line number="57" hits="8" branch="True" condition-coverage="100% (2/2)">
              <conditions>
                <condition number="89" type="jump" coverage="100%" />
              </conditions>
            </line>
            <line number="58" hits="7" branch="False" />
          </lines>
        </class>
        <class name="UaiGranja.Avicultura.Domain.Entities.HistoricoAve/HistoricoAveValidation" filename="source\repos\uai-granja-api\src\UaiGranja.Avicultura.Domain\Entities\HistoricoAve.cs" line-rate="1" branch-rate="0.8332999999999999" complexity="7">
          <methods>
            <method name="HistoricoEstaAssociado" signature="(UaiGranja.Avicultura.Domain.Entities.HistoricoAve)" line-rate="1" branch-rate="0.8332999999999999" complexity="6">
              <lines>
                <line number="69" hits="16" branch="False" />
                <line number="70" hits="16" branch="True" condition-coverage="83.33% (5/6)">
                  <conditions>
                    <condition number="15" type="jump" coverage="100%" />
                    <condition number="41" type="jump" coverage="100%" />
                    <condition number="57" type="jump" coverage="50%" />
                  </conditions>
                </line>
                <line number="71" hits="16" branch="False" />
                <line number="72" hits="16" branch="False" />
              </lines>
            </method>
            <method name=".ctor" signature="()" line-rate="1" branch-rate="1" complexity="1">
              <lines>
                <line number="63" hits="16" branch="False" />
                <line number="64" hits="16" branch="False" />
                <line number="65" hits="16" branch="False" />
                <line number="66" hits="16" branch="False" />
              </lines>
            </method>
          </methods>
          <lines>
            <line number="69" hits="16" branch="False" />
            <line number="70" hits="16" branch="True" condition-coverage="83.33% (5/6)">
              <conditions>
                <condition number="15" type="jump" coverage="100%" />
                <condition number="41" type="jump" coverage="100%" />
                <condition number="57" type="jump" coverage="50%" />
              </conditions>
            </line>
            <line number="71" hits="16" branch="False" />
            <line number="72" hits="16" branch="False" />
            <line number="63" hits="16" branch="False" />
            <line number="64" hits="16" branch="False" />
            <line number="65" hits="16" branch="False" />
            <line number="66" hits="16" branch="False" />
          </lines>
        </class>
        <class name="UaiGranja.Avicultura.Domain.Entities.Lote" filename="source\repos\uai-granja-api\src\UaiGranja.Avicultura.Domain\Entities\Lote.cs" line-rate="0.9856999999999999" branch-rate="1" complexity="37">
          <methods>
            <method name="get_Codigo" signature="()" line-rate="1" branch-rate="1" complexity="1">
              <lines>
                <line number="9" hits="39" branch="False" />
              </lines>
            </method>
            <method name="get_Capacidade" signature="()" line-rate="1" branch-rate="1" complexity="1">
              <lines>
                <line number="10" hits="95" branch="False" />
              </lines>
            </method>
            <method name="get_GalinheiroId" signature="()" line-rate="1" branch-rate="1" complexity="1">
              <lines>
                <line number="11" hits="7" branch="False" />
              </lines>
            </method>
            <method name="get_Finalizado" signature="()" line-rate="1" branch-rate="1" complexity="1">
              <lines>
                <line number="12" hits="67" branch="False" />
              </lines>
            </method>
            <method name="get_Galinheiro" signature="()" line-rate="0" branch-rate="1" complexity="1">
              <lines>
                <line number="15" hits="0" branch="False" />
              </lines>
            </method>
            <method name="get_Aves" signature="()" line-rate="1" branch-rate="1" complexity="1">
              <lines>
                <line number="17" hits="33" branch="False" />
              </lines>
            </method>
            <method name="get_Historicos" signature="()" line-rate="1" branch-rate="1" complexity="1">
              <lines>
                <line number="19" hits="1" branch="False" />
              </lines>
            </method>
            <method name="get_DataNascimento" signature="()" line-rate="1" branch-rate="1" complexity="2">
              <lines>
                <line number="20" hits="15" branch="True" condition-coverage="100% (2/2)">
                  <conditions>
                    <condition number="12" type="jump" coverage="100%" />
                  </conditions>
                </line>
              </lines>
            </method>
            <method name="AssociarGalinheiro" signature="(System.Guid)" line-rate="1" branch-rate="1" complexity="1">
              <lines>
                <line number="37" hits="7" branch="False" />
                <line number="38" hits="7" branch="False" />
                <line number="39" hits="7" branch="False" />
              </lines>
            </method>
            <method name="GerarCodigoLotePadrao" signature="()" line-rate="1" branch-rate="1" complexity="1">
              <lines>
                <line number="42" hits="4" branch="False" />
                <line number="43" hits="4" branch="False" />
                <line number="44" hits="4" branch="False" />
                <line number="45" hits="4" branch="False" />
              </lines>
            </method>
            <method name="AdicionarAves" signature="(System.Collections.Generic.IEnumerable`1&lt;UaiGranja.Avicultura.Domain.Entities.Ave&gt;)" line-rate="1" branch-rate="1" complexity="2">
              <lines>
                <line number="48" hits="22" branch="False" />
                <line number="49" hits="154" branch="True" condition-coverage="100% (2/2)">
                  <conditions>
                    <condition number="34" type="jump" coverage="100%" />
                  </conditions>
                </line>
                <line number="50" hits="44" branch="False" />
                <line number="51" hits="44" branch="False" />
                <line number="52" hits="44" branch="False" />
                <line number="53" hits="22" branch="False" />
              </lines>
            </method>
            <method name="AdicionarAve" signature="(UaiGranja.Avicultura.Domain.Entities.Ave)" line-rate="1" branch-rate="1" complexity="6">
              <lines>
                <line number="56" hits="48" branch="False" />
                <line number="57" hits="49" branch="True" condition-coverage="100% (2/2)">
                  <conditions>
                    <condition number="9" type="jump" coverage="100%" />
                  </conditions>
                </line>
                <line number="58" hits="48" branch="True" condition-coverage="100% (2/2)">
                  <conditions>
                    <condition number="33" type="jump" coverage="100%" />
                  </conditions>
                </line>
                <line number="59" hits="47" branch="True" condition-coverage="100% (2/2)">
                  <conditions>
                    <condition number="81" type="jump" coverage="100%" />
                  </conditions>
                </line>
                <line number="61" hits="45" branch="False" />
                <line number="62" hits="45" branch="False" />
                <line number="63" hits="45" branch="False" />
              </lines>
            </method>
            <method name="ObterIdadeLote" signature="()" line-rate="1" branch-rate="1" complexity="2">
              <lines>
                <line number="66" hits="8" branch="False" />
                <line number="67" hits="9" branch="True" condition-coverage="100% (2/2)">
                  <conditions>
                    <condition number="20" type="jump" coverage="100%" />
                  </conditions>
                </line>
                <line number="68" hits="7" branch="False" />
                <line number="69" hits="8" branch="False" />
              </lines>
            </method>
            <method name="EstaVivo" signature="()" line-rate="1" branch-rate="1" complexity="2">
              <lines>
                <line number="72" hits="14" branch="False" />
                <line number="73" hits="14" branch="True" condition-coverage="100% (2/2)">
                  <conditions>
                    <condition number="13" type="jump" coverage="100%" />
                  </conditions>
                </line>
                <line number="74" hits="14" branch="False" />
              </lines>
            </method>
            <method name="RealizarPesagem" signature="(System.Decimal)" line-rate="1" branch-rate="1" complexity="4">
              <lines>
                <line number="77" hits="3" branch="False" />
                <line number="78" hits="4" branch="True" condition-coverage="100% (2/2)">
                  <conditions>
                    <condition number="17" type="jump" coverage="100%" />
                  </conditions>
                </line>
                <line number="79" hits="3" branch="True" condition-coverage="100% (2/2)">
                  <conditions>
                    <condition number="41" type="jump" coverage="100%" />
                  </conditions>
                </line>
                <line number="80" hits="1" branch="False" />
                <line number="81" hits="1" branch="False" />
                <line number="82" hits="1" branch="False" />
              </lines>
            </method>
            <method name="RealizarAbate" signature="(System.Decimal)" line-rate="1" branch-rate="1" complexity="4">
              <lines>
                <line number="85" hits="8" branch="False" />
                <line number="86" hits="9" branch="True" condition-coverage="100% (2/2)">
                  <conditions>
                    <condition number="17" type="jump" coverage="100%" />
                  </conditions>
                </line>
                <line number="87" hits="8" branch="True" condition-coverage="100% (2/2)">
                  <conditions>
                    <condition number="41" type="jump" coverage="100%" />
                  </conditions>
                </line>
                <line number="88" hits="6" branch="False" />
                <line number="89" hits="6" branch="False" />
                <line number="90" hits="6" branch="False" />
                <line number="91" hits="6" branch="False" />
              </lines>
            </method>
            <method name="AlterarCodigo" signature="(System.String)" line-rate="1" branch-rate="1" complexity="1">
              <lines>
                <line number="94" hits="3" branch="False" />
                <line number="95" hits="3" branch="False" />
                <line number="96" hits="3" branch="False" />
              </lines>
            </method>
            <method name="AlterarCapacidade" signature="(System.Int32)" line-rate="1" branch-rate="1" complexity="1">
              <lines>
                <line number="99" hits="2" branch="False" />
                <line number="100" hits="2" branch="False" />
                <line number="101" hits="2" branch="False" />
              </lines>
            </method>
            <method name="EhValido" signature="()" line-rate="1" branch-rate="1" complexity="1">
              <lines>
                <line number="104" hits="11" branch="False" />
                <line number="105" hits="11" branch="False" />
                <line number="106" hits="11" branch="False" />
                <line number="107" hits="11" branch="False" />
              </lines>
            </method>
            <method name=".ctor" signature="(System.String,System.Int32)" line-rate="1" branch-rate="1" complexity="2">
              <lines>
                <line number="22" hits="27" branch="False" />
                <line number="23" hits="27" branch="False" />
                <line number="24" hits="27" branch="False" />
                <line number="25" hits="27" branch="True" condition-coverage="100% (2/2)">
                  <conditions>
                    <condition number="23" type="jump" coverage="100%" />
                  </conditions>
                </line>
                <line number="26" hits="27" branch="False" />
                <line number="27" hits="27" branch="False" />
                <line number="28" hits="27" branch="False" />
              </lines>
            </method>
            <method name=".ctor" signature="()" line-rate="1" branch-rate="1" complexity="1">
              <lines>
                <line number="30" hits="2" branch="False" />
                <line number="31" hits="2" branch="False" />
                <line number="32" hits="2" branch="False" />
                <line number="33" hits="2" branch="False" />
                <line number="34" hits="2" branch="False" />
              </lines>
            </method>
          </methods>
          <lines>
            <line number="9" hits="39" branch="False" />
            <line number="10" hits="95" branch="False" />
            <line number="11" hits="7" branch="False" />
            <line number="12" hits="67" branch="False" />
            <line number="15" hits="0" branch="False" />
            <line number="17" hits="33" branch="False" />
            <line number="19" hits="1" branch="False" />
            <line number="20" hits="15" branch="True" condition-coverage="100% (2/2)">
              <conditions>
                <condition number="12" type="jump" coverage="100%" />
              </conditions>
            </line>
            <line number="37" hits="7" branch="False" />
            <line number="38" hits="7" branch="False" />
            <line number="39" hits="7" branch="False" />
            <line number="42" hits="4" branch="False" />
            <line number="43" hits="4" branch="False" />
            <line number="44" hits="4" branch="False" />
            <line number="45" hits="4" branch="False" />
            <line number="48" hits="22" branch="False" />
            <line number="49" hits="154" branch="True" condition-coverage="100% (2/2)">
              <conditions>
                <condition number="34" type="jump" coverage="100%" />
              </conditions>
            </line>
            <line number="50" hits="44" branch="False" />
            <line number="51" hits="44" branch="False" />
            <line number="52" hits="44" branch="False" />
            <line number="53" hits="22" branch="False" />
            <line number="56" hits="48" branch="False" />
            <line number="57" hits="49" branch="True" condition-coverage="100% (2/2)">
              <conditions>
                <condition number="9" type="jump" coverage="100%" />
              </conditions>
            </line>
            <line number="58" hits="48" branch="True" condition-coverage="100% (2/2)">
              <conditions>
                <condition number="33" type="jump" coverage="100%" />
              </conditions>
            </line>
            <line number="59" hits="47" branch="True" condition-coverage="100% (2/2)">
              <conditions>
                <condition number="81" type="jump" coverage="100%" />
              </conditions>
            </line>
            <line number="61" hits="45" branch="False" />
            <line number="62" hits="45" branch="False" />
            <line number="63" hits="45" branch="False" />
            <line number="66" hits="8" branch="False" />
            <line number="67" hits="9" branch="True" condition-coverage="100% (2/2)">
              <conditions>
                <condition number="20" type="jump" coverage="100%" />
              </conditions>
            </line>
            <line number="68" hits="7" branch="False" />
            <line number="69" hits="8" branch="False" />
            <line number="72" hits="14" branch="False" />
            <line number="73" hits="14" branch="True" condition-coverage="100% (2/2)">
              <conditions>
                <condition number="13" type="jump" coverage="100%" />
              </conditions>
            </line>
            <line number="74" hits="14" branch="False" />
            <line number="77" hits="3" branch="False" />
            <line number="78" hits="4" branch="True" condition-coverage="100% (2/2)">
              <conditions>
                <condition number="17" type="jump" coverage="100%" />
              </conditions>
            </line>
            <line number="79" hits="3" branch="True" condition-coverage="100% (2/2)">
              <conditions>
                <condition number="41" type="jump" coverage="100%" />
              </conditions>
            </line>
            <line number="80" hits="1" branch="False" />
            <line number="81" hits="1" branch="False" />
            <line number="82" hits="1" branch="False" />
            <line number="85" hits="8" branch="False" />
            <line number="86" hits="9" branch="True" condition-coverage="100% (2/2)">
              <conditions>
                <condition number="17" type="jump" coverage="100%" />
              </conditions>
            </line>
            <line number="87" hits="8" branch="True" condition-coverage="100% (2/2)">
              <conditions>
                <condition number="41" type="jump" coverage="100%" />
              </conditions>
            </line>
            <line number="88" hits="6" branch="False" />
            <line number="89" hits="6" branch="False" />
            <line number="90" hits="6" branch="False" />
            <line number="91" hits="6" branch="False" />
            <line number="94" hits="3" branch="False" />
            <line number="95" hits="3" branch="False" />
            <line number="96" hits="3" branch="False" />
            <line number="99" hits="2" branch="False" />
            <line number="100" hits="2" branch="False" />
            <line number="101" hits="2" branch="False" />
            <line number="104" hits="11" branch="False" />
            <line number="105" hits="11" branch="False" />
            <line number="106" hits="11" branch="False" />
            <line number="107" hits="11" branch="False" />
            <line number="22" hits="27" branch="False" />
            <line number="23" hits="27" branch="False" />
            <line number="24" hits="27" branch="False" />
            <line number="25" hits="27" branch="True" condition-coverage="100% (2/2)">
              <conditions>
                <condition number="23" type="jump" coverage="100%" />
              </conditions>
            </line>
            <line number="26" hits="27" branch="False" />
            <line number="27" hits="27" branch="False" />
            <line number="28" hits="27" branch="False" />
            <line number="30" hits="2" branch="False" />
            <line number="31" hits="2" branch="False" />
            <line number="32" hits="2" branch="False" />
            <line number="33" hits="2" branch="False" />
            <line number="34" hits="2" branch="False" />
          </lines>
        </class>
        <class name="UaiGranja.Avicultura.Domain.Entities.LoteValidation" filename="source\repos\uai-granja-api\src\UaiGranja.Avicultura.Domain\Entities\Lote.cs" line-rate="1" branch-rate="1" complexity="1">
          <methods>
            <method name=".ctor" signature="()" line-rate="1" branch-rate="1" complexity="1">
              <lines>
                <line number="112" hits="11" branch="False" />
                <line number="113" hits="11" branch="False" />
                <line number="114" hits="11" branch="False" />
                <line number="115" hits="11" branch="False" />
              </lines>
            </method>
          </methods>
          <lines>
            <line number="112" hits="11" branch="False" />
            <line number="113" hits="11" branch="False" />
            <line number="114" hits="11" branch="False" />
            <line number="115" hits="11" branch="False" />
          </lines>
        </class>
        <class name="UaiGranja.Avicultura.Domain.Entities.TipoAve" filename="source\repos\uai-granja-api\src\UaiGranja.Avicultura.Domain\Entities\TipoAve.cs" line-rate="0.9375" branch-rate="1" complexity="7">
          <methods>
            <method name="get_Raca" signature="()" line-rate="1" branch-rate="1" complexity="1">
              <lines>
                <line number="9" hits="122" branch="False" />
              </lines>
            </method>
            <method name="get_PropositoCriacao" signature="()" line-rate="1" branch-rate="1" complexity="1">
              <lines>
                <line number="10" hits="122" branch="False" />
              </lines>
            </method>
            <method name="get_PesoCorte" signature="()" line-rate="1" branch-rate="1" complexity="1">
              <lines>
                <line number="11" hits="122" branch="False" />
              </lines>
            </method>
            <method name="get_IdadeCorte" signature="()" line-rate="1" branch-rate="1" complexity="1">
              <lines>
                <line number="12" hits="122" branch="False" />
              </lines>
            </method>
            <method name="EhValido" signature="()" line-rate="1" branch-rate="1" complexity="1">
              <lines>
                <line number="25" hits="58" branch="False" />
                <line number="26" hits="58" branch="False" />
                <line number="27" hits="58" branch="False" />
                <line number="28" hits="58" branch="False" />
              </lines>
            </method>
            <method name=".ctor" signature="(UaiGranja.Avicultura.Domain.Enums.RacaEnum,UaiGranja.Avicultura.Domain.Enums.PropositoCriacaoEnum,System.Decimal,System.Int32)" line-rate="1" branch-rate="1" complexity="1">
              <lines>
                <line number="14" hits="64" branch="False" />
                <line number="15" hits="64" branch="False" />
                <line number="16" hits="64" branch="False" />
                <line number="17" hits="64" branch="False" />
                <line number="18" hits="64" branch="False" />
                <line number="19" hits="64" branch="False" />
                <line number="20" hits="64" branch="False" />
              </lines>
            </method>
            <method name=".ctor" signature="()" line-rate="0" branch-rate="1" complexity="1">
              <lines>
                <line number="22" hits="0" branch="False" />
              </lines>
            </method>
          </methods>
          <lines>
            <line number="9" hits="122" branch="False" />
            <line number="10" hits="122" branch="False" />
            <line number="11" hits="122" branch="False" />
            <line number="12" hits="122" branch="False" />
            <line number="25" hits="58" branch="False" />
            <line number="26" hits="58" branch="False" />
            <line number="27" hits="58" branch="False" />
            <line number="28" hits="58" branch="False" />
            <line number="14" hits="64" branch="False" />
            <line number="15" hits="64" branch="False" />
            <line number="16" hits="64" branch="False" />
            <line number="17" hits="64" branch="False" />
            <line number="18" hits="64" branch="False" />
            <line number="19" hits="64" branch="False" />
            <line number="20" hits="64" branch="False" />
            <line number="22" hits="0" branch="False" />
          </lines>
        </class>
        <class name="UaiGranja.Avicultura.Domain.Entities.TipoAveValidation" filename="source\repos\uai-granja-api\src\UaiGranja.Avicultura.Domain\Entities\TipoAve.cs" line-rate="1" branch-rate="1" complexity="1">
          <methods>
            <method name=".ctor" signature="()" line-rate="1" branch-rate="1" complexity="1">
              <lines>
                <line number="33" hits="58" branch="False" />
                <line number="34" hits="58" branch="False" />
                <line number="35" hits="58" branch="False" />
                <line number="37" hits="58" branch="False" />
                <line number="39" hits="58" branch="False" />
                <line number="41" hits="58" branch="False" />
                <line number="42" hits="58" branch="False" />
              </lines>
            </method>
          </methods>
          <lines>
            <line number="33" hits="58" branch="False" />
            <line number="34" hits="58" branch="False" />
            <line number="35" hits="58" branch="False" />
            <line number="37" hits="58" branch="False" />
            <line number="39" hits="58" branch="False" />
            <line number="41" hits="58" branch="False" />
            <line number="42" hits="58" branch="False" />
          </lines>
        </class>
      </classes>
    </package>
    <package name="UaiGranja.Avicultura.Domain.Tests" line-rate="0.9898" branch-rate="1" complexity="60">
      <classes>
        <class name="AutoGeneratedProgram" filename=".nuget\packages\microsoft.net.test.sdk\17.6.3\build\netcoreapp3.1\Microsoft.NET.Test.Sdk.Program.cs" line-rate="0" branch-rate="1" complexity="1">
          <methods>
            <method name="Main" signature="(System.String[])" line-rate="0" branch-rate="1" complexity="1">
              <lines>
                <line number="4" hits="0" branch="False" />
              </lines>
            </method>
          </methods>
          <lines>
            <line number="4" hits="0" branch="False" />
          </lines>
        </class>
        <class name="UaiGranja.Avicultura.Domain.Tests.AveTests" filename="source\repos\uai-granja-api\tests\UaiGranja.Avicultura.Domain.Tests\AveTests.cs" line-rate="1" branch-rate="1" complexity="9">
          <methods>
            <method name="Ave_RealizarPesagem_RealizarPesagemAveViva" signature="()" line-rate="1" branch-rate="1" complexity="1">
              <lines>
                <line number="22" hits="1" branch="False" />
                <line number="24" hits="1" branch="False" />
                <line number="27" hits="1" branch="False" />
                <line number="30" hits="1" branch="False" />
                <line number="31" hits="1" branch="False" />
              </lines>
            </method>
            <method name="Ave_RealizarAbate_RealizarPesagemAveAbatida" signature="()" line-rate="1" branch-rate="1" complexity="1">
              <lines>
                <line number="36" hits="1" branch="False" />
                <line number="38" hits="1" branch="False" />
                <line number="41" hits="1" branch="False" />
                <line number="44" hits="2" branch="False" />
                <line number="45" hits="1" branch="False" />
              </lines>
            </method>
            <method name="Ave_RealizarAbate_RealizarAbateAveAbatida" signature="()" line-rate="1" branch-rate="1" complexity="1">
              <lines>
                <line number="50" hits="1" branch="False" />
                <line number="52" hits="1" branch="False" />
                <line number="55" hits="1" branch="False" />
                <line number="58" hits="2" branch="False" />
                <line number="59" hits="1" branch="False" />
              </lines>
            </method>
            <method name="Ave_EstaVivo_AveDeveEstarViva" signature="()" line-rate="1" branch-rate="1" complexity="1">
              <lines>
                <line number="64" hits="1" branch="False" />
                <line number="66" hits="1" branch="False" />
                <line number="69" hits="1" branch="False" />
                <line number="72" hits="1" branch="False" />
                <line number="73" hits="1" branch="False" />
              </lines>
            </method>
            <method name="Ave_EstaVivo_AveDeveEstarAbatida" signature="(System.Decimal)" line-rate="1" branch-rate="1" complexity="1">
              <lines>
                <line number="81" hits="3" branch="False" />
                <line number="83" hits="3" branch="False" />
                <line number="86" hits="3" branch="False" />
                <line number="87" hits="3" branch="False" />
                <line number="90" hits="3" branch="False" />
                <line number="91" hits="3" branch="False" />
              </lines>
            </method>
            <method name="Ave_EstaVivo_AveDeveEstarVivaNaoPossuiHistorico" signature="()" line-rate="1" branch-rate="1" complexity="1">
              <lines>
                <line number="96" hits="1" branch="False" />
                <line number="98" hits="1" branch="False" />
                <line number="101" hits="1" branch="False" />
                <line number="104" hits="1" branch="False" />
                <line number="105" hits="1" branch="False" />
              </lines>
            </method>
            <method name="Ave_EstaVivo_AveDeveEstarValida" signature="()" line-rate="1" branch-rate="1" complexity="1">
              <lines>
                <line number="110" hits="1" branch="False" />
                <line number="112" hits="1" branch="False" />
                <line number="115" hits="1" branch="False" />
                <line number="118" hits="1" branch="False" />
                <line number="119" hits="1" branch="False" />
              </lines>
            </method>
            <method name="Ave_EstaVivo_AveDeveEstarInvalida" signature="()" line-rate="1" branch-rate="1" complexity="1">
              <lines>
                <line number="124" hits="1" branch="False" />
                <line number="126" hits="1" branch="False" />
                <line number="129" hits="1" branch="False" />
                <line number="132" hits="1" branch="False" />
                <line number="133" hits="1" branch="False" />
              </lines>
            </method>
            <method name=".ctor" signature="(UaiGranja.Avicultura.Domain.Tests.Fixtures.AveTestsFixture)" line-rate="1" branch-rate="1" complexity="1">
              <lines>
                <line number="14" hits="10" branch="False" />
                <line number="15" hits="10" branch="False" />
                <line number="16" hits="10" branch="False" />
                <line number="17" hits="10" branch="False" />
              </lines>
            </method>
          </methods>
          <lines>
            <line number="22" hits="1" branch="False" />
            <line number="24" hits="1" branch="False" />
            <line number="27" hits="1" branch="False" />
            <line number="30" hits="1" branch="False" />
            <line number="31" hits="1" branch="False" />
            <line number="36" hits="1" branch="False" />
            <line number="38" hits="1" branch="False" />
            <line number="41" hits="1" branch="False" />
            <line number="44" hits="2" branch="False" />
            <line number="45" hits="1" branch="False" />
            <line number="50" hits="1" branch="False" />
            <line number="52" hits="1" branch="False" />
            <line number="55" hits="1" branch="False" />
            <line number="58" hits="2" branch="False" />
            <line number="59" hits="1" branch="False" />
            <line number="64" hits="1" branch="False" />
            <line number="66" hits="1" branch="False" />
            <line number="69" hits="1" branch="False" />
            <line number="72" hits="1" branch="False" />
            <line number="73" hits="1" branch="False" />
            <line number="81" hits="3" branch="False" />
            <line number="83" hits="3" branch="False" />
            <line number="86" hits="3" branch="False" />
            <line number="87" hits="3" branch="False" />
            <line number="90" hits="3" branch="False" />
            <line number="91" hits="3" branch="False" />
            <line number="96" hits="1" branch="False" />
            <line number="98" hits="1" branch="False" />
            <line number="101" hits="1" branch="False" />
            <line number="104" hits="1" branch="False" />
            <line number="105" hits="1" branch="False" />
            <line number="110" hits="1" branch="False" />
            <line number="112" hits="1" branch="False" />
            <line number="115" hits="1" branch="False" />
            <line number="118" hits="1" branch="False" />
            <line number="119" hits="1" branch="False" />
            <line number="124" hits="1" branch="False" />
            <line number="126" hits="1" branch="False" />
            <line number="129" hits="1" branch="False" />
            <line number="132" hits="1" branch="False" />
            <line number="133" hits="1" branch="False" />
            <line number="14" hits="10" branch="False" />
            <line number="15" hits="10" branch="False" />
            <line number="16" hits="10" branch="False" />
            <line number="17" hits="10" branch="False" />
          </lines>
        </class>
        <class name="UaiGranja.Avicultura.Domain.Tests.GalinheiroTests" filename="source\repos\uai-granja-api\tests\UaiGranja.Avicultura.Domain.Tests\GalinheiroTests.cs" line-rate="0.9823999999999999" branch-rate="1" complexity="20">
          <methods>
            <method name="Galinheiro_AdicionarLote_DeveAdicionarLote" signature="()" line-rate="1" branch-rate="1" complexity="1">
              <lines>
                <line number="22" hits="1" branch="False" />
                <line number="24" hits="1" branch="False" />
                <line number="27" hits="1" branch="False" />
                <line number="30" hits="1" branch="False" />
                <line number="31" hits="1" branch="False" />
              </lines>
            </method>
            <method name="Galinheiro_AdicionarLote_NaoDeveAdicionarLoteNaoUtilizaLote" signature="()" line-rate="1" branch-rate="1" complexity="1">
              <lines>
                <line number="36" hits="1" branch="False" />
                <line number="38" hits="1" branch="False" />
                <line number="41" hits="2" branch="False" />
                <line number="42" hits="1" branch="False" />
              </lines>
[...]
              </lines>
            </method>
          </methods>
          <lines>
            <line number="7" hits="0" branch="False" />
            <line number="9" hits="0" branch="False" />
            <line number="10" hits="0" branch="False" />
            <line number="11" hits="0" branch="False" />
            <line number="12" hits="0" branch="False" />
            <line number="13" hits="0" branch="False" />
          </lines>
        </class>
        <class name="UaiGranja.Core.DomainObjects.AggregateDomainException" filename="source\repos\uai-granja-api\src\UaiGranja.Core\DomainObjects\AggregateDomainException.cs" line-rate="0.7142000000000001" branch-rate="1" complexity="4">
          <methods>
            <method name="GetAggregateDomainException" signature="(System.Collections.Generic.List`1&lt;FluentValidation.Results.ValidationFailure&gt;)" line-rate="1" branch-rate="1" complexity="1">
              <lines>
                <line number="22" hits="1" branch="False" />
                <line number="23" hits="1" branch="False" />
                <line number="24" hits="1" branch="False" />
                <line number="25" hits="2" branch="False" />
                <line number="26" hits="2" branch="False" />
                <line number="27" hits="3" branch="False" />
                <line number="29" hits="1" branch="False" />
                <line number="30" hits="1" branch="False" />
              </lines>
            </method>
            <method name=".ctor" signature="()" line-rate="0" branch-rate="1" complexity="1">
              <lines>
                <line number="12" hits="0" branch="False" />
                <line number="13" hits="0" branch="False" />
              </lines>
            </method>
            <method name=".ctor" signature="(System.AggregateException)" line-rate="0" branch-rate="1" complexity="1">
              <lines>
                <line number="15" hits="0" branch="False" />
                <line number="16" hits="0" branch="False" />
              </lines>
            </method>
            <method name=".ctor" signature="(System.Collections.Generic.List`1&lt;System.Exception&gt;)" line-rate="1" branch-rate="1" complexity="1">
              <lines>
                <line number="18" hits="1" branch="False" />
                <line number="19" hits="2" branch="False" />
              </lines>
            </method>
          </methods>
          <lines>
            <line number="22" hits="1" branch="False" />
            <line number="23" hits="1" branch="False" />
            <line number="24" hits="1" branch="False" />
            <line number="25" hits="2" branch="False" />
            <line number="26" hits="2" branch="False" />
            <line number="27" hits="3" branch="False" />
            <line number="29" hits="1" branch="False" />
            <line number="30" hits="1" branch="False" />
            <line number="12" hits="0" branch="False" />
            <line number="13" hits="0" branch="False" />
            <line number="15" hits="0" branch="False" />
            <line number="16" hits="0" branch="False" />
            <line number="18" hits="1" branch="False" />
            <line number="19" hits="2" branch="False" />
          </lines>
        </class>
        <class name="UaiGranja.Core.DomainObjects.DomainException" filename="source\repos\uai-granja-api\src\UaiGranja.Core\DomainObjects\DomainException.cs" line-rate="0.3333" branch-rate="1" complexity="3">
          <methods>
            <method name=".ctor" signature="()" line-rate="0" branch-rate="1" complexity="1">
              <lines>
                <line number="5" hits="0" branch="False" />
                <line number="6" hits="0" branch="False" />
              </lines>
            </method>
            <method name=".ctor" signature="(System.String)" line-rate="1" branch-rate="1" complexity="1">
              <lines>
                <line number="8" hits="21" branch="False" />
                <line number="9" hits="42" branch="False" />
              </lines>
            </method>
            <method name=".ctor" signature="(System.String,System.Exception)" line-rate="0" branch-rate="1" complexity="1">
              <lines>
                <line number="11" hits="0" branch="False" />
                <line number="12" hits="0" branch="False" />
              </lines>
            </method>
          </methods>
          <lines>
            <line number="5" hits="0" branch="False" />
            <line number="6" hits="0" branch="False" />
            <line number="8" hits="21" branch="False" />
            <line number="9" hits="42" branch="False" />
            <line number="11" hits="0" branch="False" />
            <line number="12" hits="0" branch="False" />
          </lines>
        </class>
        <class name="UaiGranja.Core.DomainObjects.Entity" filename="source\repos\uai-granja-api\src\UaiGranja.Core\DomainObjects\Entity.cs" line-rate="0.1463" branch-rate="0" complexity="27">
          <methods>
            <method name="get_Id" signature="()" line-rate="1" branch-rate="1" complexity="1">
              <lines>
                <line number="9" hits="309" branch="False" />
              </lines>
            </method>
            <method name="get_ValidationResult" signature="()" line-rate="1" branch-rate="1" complexity="1">
              <lines>
                <line number="10" hits="331" branch="False" />
              </lines>
            </method>
            <method name="get_Notificacoes" signature="()" line-rate="0" branch-rate="0" complexity="2">
              <lines>
                <line number="12" hits="0" branch="True" condition-coverage="0% (0/2)">
                  <conditions>
                    <condition number="7" type="jump" coverage="0%" />
                  </conditions>
                </line>
              </lines>
            </method>
            <method name="AdicionarEvento" signature="(UaiGranja.Core.Messages.Event)" line-rate="0" branch-rate="0" complexity="2">
              <lines>
                <line number="20" hits="0" branch="False" />
                <line number="21" hits="0" branch="True" condition-coverage="0% (0/2)">
                  <conditions>
                    <condition number="9" type="jump" coverage="0%" />
                  </conditions>
                </line>
                <line number="22" hits="0" branch="False" />
                <line number="23" hits="0" branch="False" />
              </lines>
            </method>
            <method name="RemoverEvento" signature="(UaiGranja.Core.Messages.Event)" line-rate="0" branch-rate="0" complexity="2">
              <lines>
                <line number="26" hits="0" branch="False" />
                <line number="27" hits="0" branch="True" condition-coverage="0% (0/2)">
                  <conditions>
                    <condition number="8" type="jump" coverage="0%" />
                  </conditions>
                </line>
                <line number="28" hits="0" branch="False" />
              </lines>
            </method>
            <method name="LimparEventos" signature="()" line-rate="0" branch-rate="0" complexity="2">
              <lines>
                <line number="31" hits="0" branch="False" />
                <line number="32" hits="0" branch="True" condition-coverage="0% (0/2)">
                  <conditions>
                    <condition number="8" type="jump" coverage="0%" />
                  </conditions>
                </line>
                <line number="33" hits="0" branch="False" />
              </lines>
            </method>
            <method name="Equals" signature="(System.Object)" line-rate="0" branch-rate="0" complexity="4">
              <lines>
                <line number="36" hits="0" branch="False" />
                <line number="37" hits="0" branch="False" />
                <line number="39" hits="0" branch="True" condition-coverage="0% (0/2)">
                  <conditions>
                    <condition number="14" type="jump" coverage="0%" />
                  </conditions>
                </line>
                <line number="40" hits="0" branch="True" condition-coverage="0% (0/2)">
                  <conditions>
                    <condition number="26" type="jump" coverage="0%" />
                  </conditions>
                </line>
                <line number="42" hits="0" branch="False" />
                <line number="43" hits="0" branch="False" />
              </lines>
            </method>
            <method name="op_Equality" signature="(UaiGranja.Core.DomainObjects.Entity,UaiGranja.Core.DomainObjects.Entity)" line-rate="0" branch-rate="0" complexity="8">
              <lines>
                <line number="46" hits="0" branch="False" />
                <line number="47" hits="0" branch="True" condition-coverage="0% (0/4)">
                  <conditions>
                    <condition number="2" type="jump" coverage="0%" />
                    <condition number="13" type="jump" coverage="0%" />
                  </conditions>
                </line>
                <line number="48" hits="0" branch="False" />
                <line number="50" hits="0" branch="True" condition-coverage="0% (0/4)">
                  <conditions>
                    <condition number="20" type="jump" coverage="0%" />
                    <condition number="31" type="jump" coverage="0%" />
                  </conditions>
                </line>
                <line number="51" hits="0" branch="False" />
                <line number="53" hits="0" branch="False" />
                <line number="54" hits="0" branch="False" />
              </lines>
            </method>
            <method name="op_Inequality" signature="(UaiGranja.Core.DomainObjects.Entity,UaiGranja.Core.DomainObjects.Entity)" line-rate="0" branch-rate="1" complexity="1">
              <lines>
                <line number="57" hits="0" branch="False" />
                <line number="58" hits="0" branch="False" />
                <line number="59" hits="0" branch="False" />
              </lines>
            </method>
            <method name="GetHashCode" signature="()" line-rate="0" branch-rate="1" complexity="1">
              <lines>
                <line number="62" hits="0" branch="False" />
                <line number="63" hits="0" branch="False" />
                <line number="64" hits="0" branch="False" />
              </lines>
            </method>
            <method name="ToString" signature="()" line-rate="0" branch-rate="1" complexity="1">
              <lines>
                <line number="67" hits="0" branch="False" />
                <line number="68" hits="0" branch="False" />
                <line number="69" hits="0" branch="False" />
              </lines>
            </method>
            <method name="EhValido" signature="()" line-rate="0" branch-rate="1" complexity="1">
              <lines>
                <line number="72" hits="0" branch="False" />
                <line number="73" hits="0" branch="False" />
              </lines>
            </method>
            <method name=".ctor" signature="()" line-rate="1" branch-rate="1" complexity="1">
              <lines>
                <line number="14" hits="195" branch="False" />
                <line number="15" hits="195" branch="False" />
                <line number="16" hits="195" branch="False" />
                <line number="17" hits="195" branch="False" />
              </lines>
            </method>
          </methods>
          <lines>
            <line number="9" hits="309" branch="False" />
            <line number="10" hits="331" branch="False" />
            <line number="12" hits="0" branch="True" condition-coverage="0% (0/2)">
              <conditions>
                <condition number="7" type="jump" coverage="0%" />
              </conditions>
            </line>
            <line number="20" hits="0" branch="False" />
            <line number="21" hits="0" branch="True" condition-coverage="0% (0/2)">
              <conditions>
                <condition number="9" type="jump" coverage="0%" />
              </conditions>
            </line>
            <line number="22" hits="0" branch="False" />
            <line number="23" hits="0" branch="False" />
            <line number="26" hits="0" branch="False" />
            <line number="27" hits="0" branch="True" condition-coverage="0% (0/2)">
              <conditions>
                <condition number="8" type="jump" coverage="0%" />
              </conditions>
            </line>
            <line number="28" hits="0" branch="False" />
            <line number="31" hits="0" branch="False" />
            <line number="32" hits="0" branch="True" condition-coverage="0% (0/2)">
              <conditions>
                <condition number="8" type="jump" coverage="0%" />
              </conditions>
            </line>
            <line number="33" hits="0" branch="False" />
            <line number="36" hits="0" branch="False" />
            <line number="37" hits="0" branch="False" />
            <line number="39" hits="0" branch="True" condition-coverage="0% (0/2)">
              <conditions>
                <condition number="14" type="jump" coverage="0%" />
              </conditions>
            </line>
            <line number="40" hits="0" branch="True" condition-coverage="0% (0/2)">
              <conditions>
                <condition number="26" type="jump" coverage="0%" />
              </conditions>
            </line>
            <line number="42" hits="0" branch="False" />
            <line number="43" hits="0" branch="False" />
            <line number="46" hits="0" branch="False" />
            <line number="47" hits="0" branch="True" condition-coverage="0% (0/4)">
              <conditions>
                <condition number="2" type="jump" coverage="0%" />
                <condition number="13" type="jump" coverage="0%" />
              </conditions>
            </line>
            <line number="48" hits="0" branch="False" />
            <line number="50" hits="0" branch="True" condition-coverage="0% (0/4)">
              <conditions>
                <condition number="20" type="jump" coverage="0%" />
                <condition number="31" type="jump" coverage="0%" />
              </conditions>
            </line>
            <line number="51" hits="0" branch="False" />
            <line number="53" hits="0" branch="False" />
            <line number="54" hits="0" branch="False" />
            <line number="57" hits="0" branch="False" />
            <line number="58" hits="0" branch="False" />
            <line number="59" hits="0" branch="False" />
            <line number="62" hits="0" branch="False" />
            <line number="63" hits="0" branch="False" />
            <line number="64" hits="0" branch="False" />
            <line number="67" hits="0" branch="False" />
            <line number="68" hits="0" branch="False" />
            <line number="69" hits="0" branch="False" />
            <line number="72" hits="0" branch="False" />
            <line number="73" hits="0" branch="False" />
            <line number="14" hits="195" branch="False" />
            <line number="15" hits="195" branch="False" />
            <line number="16" hits="195" branch="False" />
            <line number="17" hits="195" branch="False" />
          </lines>
        </class>
        <class name="UaiGranja.Core.Communication.Mediator.MediatorHandler" filename="source\repos\uai-granja-api\src\UaiGranja.Core\Communication\Mediator\MediatorHandler.cs" line-rate="0" branch-rate="1" complexity="1">
          <methods>
            <method name=".ctor" signature="(MediatR.IMediator)" line-rate="0" branch-rate="1" complexity="1">
              <lines>
                <line number="13" hits="0" branch="False" />
                <line number="15" hits="0" branch="False" />
                <line number="16" hits="0" branch="False" />
                <line number="18" hits="0" branch="False" />
              </lines>
            </method>
          </methods>
          <lines>
            <line number="13" hits="0" branch="False" />
            <line number="15" hits="0" branch="False" />
            <line number="16" hits="0" branch="False" />
            <line number="18" hits="0" branch="False" />
          </lines>
        </class>
        <class name="UaiGranja.Core.Communication.Mediator.MediatorHandler/&lt;EnviarComando&gt;d__2`1" filename="source\repos\uai-granja-api\src\UaiGranja.Core\Communication\Mediator\MediatorHandler.cs" line-rate="0" branch-rate="1" complexity="1">
          <methods>
            <method name="MoveNext" signature="()" line-rate="0" branch-rate="1" complexity="1">
              <lines>
                <line number="21" hits="0" branch="False" />
                <line number="22" hits="0" branch="False" />
                <line number="23" hits="0" branch="False" />
              </lines>
            </method>
          </methods>
          <lines>
            <line number="21" hits="0" branch="False" />
            <line number="22" hits="0" branch="False" />
            <line number="23" hits="0" branch="False" />
          </lines>
        </class>
        <class name="UaiGranja.Core.Communication.Mediator.MediatorHandler/&lt;PublicarDomainEvent&gt;d__5`1" filename="source\repos\uai-granja-api\src\UaiGranja.Core\Communication\Mediator\MediatorHandler.cs" line-rate="0" branch-rate="1" complexity="1">
          <methods>
            <method name="MoveNext" signature="()" line-rate="0" branch-rate="1" complexity="1">
              <lines>
                <line number="37" hits="0" branch="False" />
                <line number="38" hits="0" branch="False" />
                <line number="39" hits="0" branch="False" />
              </lines>
            </method>
          </methods>
          <lines>
            <line number="37" hits="0" branch="False" />
            <line number="38" hits="0" branch="False" />
            <line number="39" hits="0" branch="False" />
          </lines>
        </class>
        <class name="UaiGranja.Core.Communication.Mediator.MediatorHandler/&lt;PublicarEvento&gt;d__3`1" filename="source\repos\uai-granja-api\src\UaiGranja.Core\Communication\Mediator\MediatorHandler.cs" line-rate="0" branch-rate="1" complexity="1">
          <methods>
            <method name="MoveNext" signature="()" line-rate="0" branch-rate="1" complexity="1">
              <lines>
                <line number="26" hits="0" branch="False" />
                <line number="27" hits="0" branch="False" />
                <line number="29" hits="0" branch="False" />
              </lines>
            </method>
          </methods>
          <lines>
            <line number="26" hits="0" branch="False" />
            <line number="27" hits="0" branch="False" />
            <line number="29" hits="0" branch="False" />
          </lines>
        </class>
        <class name="UaiGranja.Core.Communication.Mediator.MediatorHandler/&lt;PublicarNotificacao&gt;d__4`1" filename="source\repos\uai-granja-api\src\UaiGranja.Core\Communication\Mediator\MediatorHandler.cs" line-rate="0" branch-rate="1" complexity="1">
          <methods>
            <method name="MoveNext" signature="()" line-rate="0" branch-rate="1" complexity="1">
              <lines>
                <line number="32" hits="0" branch="False" />
                <line number="33" hits="0" branch="False" />
                <line number="34" hits="0" branch="False" />
              </lines>
            </method>
          </methods>
          <lines>
            <line number="32" hits="0" branch="False" />
            <line number="33" hits="0" branch="False" />
            <line number="34" hits="0" branch="False" />
          </lines>
        </class>
      </classes>
    </package>
  </packages>
</coverage>